{"/home/kc/Documents/Workspace/card-be/objects/CardData.js": {"path":"/home/kc/Documents/Workspace/card-be/objects/CardData.js","statementMap":{"0":{"start":{"line":1,"column":14},"end":{"line":1,"column":35}},"1":{"start":{"line":2,"column":18},"end":{"line":2,"column":47}},"2":{"start":{"line":3,"column":20},"end":{"line":20,"column":1}},"3":{"start":{"line":4,"column":2},"end":{"line":19,"column":3}},"4":{"start":{"line":5,"column":4},"end":{"line":5,"column":31}},"5":{"start":{"line":11,"column":14},"end":{"line":13,"column":5}},"6":{"start":{"line":14,"column":19},"end":{"line":14,"column":35}},"7":{"start":{"line":16,"column":4},"end":{"line":16,"column":20}},"8":{"start":{"line":18,"column":4},"end":{"line":18,"column":32}},"9":{"start":{"line":22,"column":17},"end":{"line":44,"column":1}},"10":{"start":{"line":23,"column":14},"end":{"line":23,"column":16}},"11":{"start":{"line":24,"column":2},"end":{"line":24,"column":30}},"12":{"start":{"line":25,"column":17},"end":{"line":25,"column":36}},"13":{"start":{"line":27,"column":2},"end":{"line":35,"column":5}},"14":{"start":{"line":28,"column":4},"end":{"line":28,"column":21}},"15":{"start":{"line":29,"column":4},"end":{"line":34,"column":7}},"16":{"start":{"line":30,"column":6},"end":{"line":33,"column":7}},"17":{"start":{"line":30,"column":19},"end":{"line":30,"column":20}},"18":{"start":{"line":31,"column":8},"end":{"line":31,"column":31}},"19":{"start":{"line":37,"column":17},"end":{"line":41,"column":3}},"20":{"start":{"line":43,"column":2},"end":{"line":43,"column":18}},"21":{"start":{"line":45,"column":17},"end":{"line":67,"column":1}},"22":{"start":{"line":46,"column":14},"end":{"line":46,"column":16}},"23":{"start":{"line":47,"column":2},"end":{"line":47,"column":30}},"24":{"start":{"line":48,"column":17},"end":{"line":48,"column":26}},"25":{"start":{"line":50,"column":2},"end":{"line":58,"column":5}},"26":{"start":{"line":51,"column":4},"end":{"line":51,"column":21}},"27":{"start":{"line":52,"column":4},"end":{"line":57,"column":7}},"28":{"start":{"line":53,"column":6},"end":{"line":56,"column":7}},"29":{"start":{"line":53,"column":19},"end":{"line":53,"column":20}},"30":{"start":{"line":54,"column":8},"end":{"line":54,"column":31}},"31":{"start":{"line":60,"column":17},"end":{"line":64,"column":3}},"32":{"start":{"line":66,"column":2},"end":{"line":66,"column":18}},"33":{"start":{"line":69,"column":0},"end":{"line":69,"column":45}},"34":{"start":{"line":69,"column":34},"end":{"line":69,"column":44}},"35":{"start":{"line":70,"column":0},"end":{"line":70,"column":43}},"36":{"start":{"line":70,"column":32},"end":{"line":70,"column":42}}},"fnMap":{"0":{"name":"(anonymous_0)","decl":{"start":{"line":3,"column":20},"end":{"line":3,"column":21}},"loc":{"start":{"line":3,"column":32},"end":{"line":20,"column":1}},"line":3},"1":{"name":"(anonymous_1)","decl":{"start":{"line":22,"column":17},"end":{"line":22,"column":18}},"loc":{"start":{"line":22,"column":29},"end":{"line":44,"column":1}},"line":22},"2":{"name":"(anonymous_2)","decl":{"start":{"line":27,"column":34},"end":{"line":27,"column":35}},"loc":{"start":{"line":27,"column":44},"end":{"line":35,"column":3}},"line":27},"3":{"name":"(anonymous_3)","decl":{"start":{"line":29,"column":29},"end":{"line":29,"column":30}},"loc":{"start":{"line":29,"column":46},"end":{"line":34,"column":5}},"line":29},"4":{"name":"(anonymous_4)","decl":{"start":{"line":45,"column":17},"end":{"line":45,"column":18}},"loc":{"start":{"line":45,"column":23},"end":{"line":67,"column":1}},"line":45},"5":{"name":"(anonymous_5)","decl":{"start":{"line":50,"column":34},"end":{"line":50,"column":35}},"loc":{"start":{"line":50,"column":44},"end":{"line":58,"column":3}},"line":50},"6":{"name":"(anonymous_6)","decl":{"start":{"line":52,"column":29},"end":{"line":52,"column":30}},"loc":{"start":{"line":52,"column":46},"end":{"line":57,"column":5}},"line":52},"7":{"name":"(anonymous_7)","decl":{"start":{"line":69,"column":22},"end":{"line":69,"column":23}},"loc":{"start":{"line":69,"column":34},"end":{"line":69,"column":44}},"line":69},"8":{"name":"(anonymous_8)","decl":{"start":{"line":70,"column":26},"end":{"line":70,"column":27}},"loc":{"start":{"line":70,"column":32},"end":{"line":70,"column":42}},"line":70}},"branchMap":{},"s":{"0":2,"1":2,"2":2,"3":0,"4":0,"5":0,"6":0,"7":0,"8":0,"9":2,"10":0,"11":0,"12":0,"13":0,"14":0,"15":0,"16":0,"17":0,"18":0,"19":0,"20":0,"21":2,"22":2,"23":2,"24":2,"25":2,"26":12,"27":12,"28":62,"29":62,"30":178,"31":2,"32":2,"33":2,"34":0,"35":2,"36":2},"f":{"0":0,"1":0,"2":0,"3":0,"4":2,"5":12,"6":62,"7":0,"8":2},"b":{},"_coverageSchema":"1a1c01bbd47fc00a2c39e90264f33305004495a9","hash":"965a8777d357702f0d9f515b9437960592923094"}
,"/home/kc/Documents/Workspace/card-be/objects/Location.js": {"path":"/home/kc/Documents/Workspace/card-be/objects/Location.js","statementMap":{"0":{"start":{"line":1,"column":0},"end":{"line":479,"column":2}},"1":{"start":{"line":8,"column":2},"end":{"line":8,"column":24}},"2":{"start":{"line":9,"column":2},"end":{"line":9,"column":36}},"3":{"start":{"line":10,"column":2},"end":{"line":10,"column":32}},"4":{"start":{"line":11,"column":2},"end":{"line":11,"column":32}},"5":{"start":{"line":12,"column":2},"end":{"line":12,"column":25}},"6":{"start":{"line":13,"column":2},"end":{"line":13,"column":19}},"7":{"start":{"line":14,"column":2},"end":{"line":14,"column":24}},"8":{"start":{"line":15,"column":2},"end":{"line":15,"column":25}},"9":{"start":{"line":16,"column":2},"end":{"line":16,"column":35}},"10":{"start":{"line":18,"column":2},"end":{"line":18,"column":35}},"11":{"start":{"line":19,"column":2},"end":{"line":19,"column":40}},"12":{"start":{"line":20,"column":2},"end":{"line":20,"column":41}},"13":{"start":{"line":21,"column":2},"end":{"line":21,"column":20}},"14":{"start":{"line":22,"column":2},"end":{"line":22,"column":20}},"15":{"start":{"line":23,"column":2},"end":{"line":23,"column":21}},"16":{"start":{"line":24,"column":2},"end":{"line":24,"column":23}},"17":{"start":{"line":25,"column":2},"end":{"line":25,"column":19}},"18":{"start":{"line":26,"column":2},"end":{"line":26,"column":15}},"19":{"start":{"line":28,"column":2},"end":{"line":28,"column":35}},"20":{"start":{"line":29,"column":2},"end":{"line":29,"column":20}},"21":{"start":{"line":30,"column":2},"end":{"line":30,"column":18}},"22":{"start":{"line":32,"column":2},"end":{"line":69,"column":4}},"23":{"start":{"line":33,"column":19},"end":{"line":33,"column":40}},"24":{"start":{"line":36,"column":4},"end":{"line":65,"column":7}},"25":{"start":{"line":37,"column":6},"end":{"line":64,"column":7}},"26":{"start":{"line":39,"column":8},"end":{"line":63,"column":9}},"27":{"start":{"line":41,"column":10},"end":{"line":41,"column":22}},"28":{"start":{"line":42,"column":10},"end":{"line":53,"column":11}},"29":{"start":{"line":43,"column":26},"end":{"line":43,"column":56}},"30":{"start":{"line":44,"column":12},"end":{"line":44,"column":37}},"31":{"start":{"line":45,"column":12},"end":{"line":45,"column":29}},"32":{"start":{"line":46,"column":12},"end":{"line":46,"column":27}},"33":{"start":{"line":47,"column":12},"end":{"line":47,"column":27}},"34":{"start":{"line":48,"column":12},"end":{"line":48,"column":27}},"35":{"start":{"line":49,"column":12},"end":{"line":49,"column":29}},"36":{"start":{"line":50,"column":12},"end":{"line":50,"column":45}},"37":{"start":{"line":52,"column":12},"end":{"line":52,"column":38}},"38":{"start":{"line":54,"column":15},"end":{"line":63,"column":9}},"39":{"start":{"line":55,"column":24},"end":{"line":55,"column":54}},"40":{"start":{"line":56,"column":10},"end":{"line":56,"column":35}},"41":{"start":{"line":57,"column":10},"end":{"line":57,"column":27}},"42":{"start":{"line":58,"column":10},"end":{"line":58,"column":25}},"43":{"start":{"line":59,"column":10},"end":{"line":59,"column":25}},"44":{"start":{"line":60,"column":10},"end":{"line":60,"column":25}},"45":{"start":{"line":61,"column":10},"end":{"line":61,"column":36}},"46":{"start":{"line":68,"column":4},"end":{"line":68,"column":34}},"47":{"start":{"line":70,"column":2},"end":{"line":85,"column":4}},"48":{"start":{"line":71,"column":20},"end":{"line":71,"column":36}},"49":{"start":{"line":72,"column":18},"end":{"line":72,"column":32}},"50":{"start":{"line":74,"column":4},"end":{"line":81,"column":5}},"51":{"start":{"line":75,"column":20},"end":{"line":75,"column":68}},"52":{"start":{"line":76,"column":6},"end":{"line":76,"column":40}},"53":{"start":{"line":77,"column":6},"end":{"line":77,"column":39}},"54":{"start":{"line":78,"column":6},"end":{"line":78,"column":33}},"55":{"start":{"line":83,"column":4},"end":{"line":83,"column":33}},"56":{"start":{"line":84,"column":4},"end":{"line":84,"column":29}},"57":{"start":{"line":88,"column":2},"end":{"line":101,"column":3}},"58":{"start":{"line":94,"column":4},"end":{"line":94,"column":19}},"59":{"start":{"line":95,"column":4},"end":{"line":98,"column":5}},"60":{"start":{"line":96,"column":6},"end":{"line":96,"column":21}},"61":{"start":{"line":97,"column":6},"end":{"line":97,"column":21}},"62":{"start":{"line":103,"column":2},"end":{"line":134,"column":4}},"63":{"start":{"line":104,"column":4},"end":{"line":122,"column":5}},"64":{"start":{"line":108,"column":6},"end":{"line":108,"column":77}},"65":{"start":{"line":109,"column":27},"end":{"line":109,"column":48}},"66":{"start":{"line":110,"column":6},"end":{"line":110,"column":64}},"67":{"start":{"line":111,"column":20},"end":{"line":111,"column":38}},"68":{"start":{"line":112,"column":6},"end":{"line":112,"column":30}},"69":{"start":{"line":113,"column":22},"end":{"line":113,"column":38}},"70":{"start":{"line":114,"column":6},"end":{"line":114,"column":33}},"71":{"start":{"line":115,"column":6},"end":{"line":115,"column":35}},"72":{"start":{"line":116,"column":6},"end":{"line":116,"column":45}},"73":{"start":{"line":117,"column":6},"end":{"line":117,"column":21}},"74":{"start":{"line":118,"column":6},"end":{"line":118,"column":38}},"75":{"start":{"line":121,"column":6},"end":{"line":121,"column":33}},"76":{"start":{"line":136,"column":2},"end":{"line":287,"column":4}},"77":{"start":{"line":137,"column":4},"end":{"line":286,"column":5}},"78":{"start":{"line":138,"column":6},"end":{"line":138,"column":73}},"79":{"start":{"line":139,"column":21},"end":{"line":139,"column":42}},"80":{"start":{"line":141,"column":6},"end":{"line":157,"column":7}},"81":{"start":{"line":142,"column":8},"end":{"line":156,"column":10}},"82":{"start":{"line":159,"column":6},"end":{"line":159,"column":65}},"83":{"start":{"line":160,"column":6},"end":{"line":160,"column":55}},"84":{"start":{"line":161,"column":19},"end":{"line":161,"column":42}},"85":{"start":{"line":162,"column":6},"end":{"line":162,"column":44}},"86":{"start":{"line":164,"column":6},"end":{"line":167,"column":7}},"87":{"start":{"line":165,"column":8},"end":{"line":165,"column":35}},"88":{"start":{"line":166,"column":8},"end":{"line":166,"column":47}},"89":{"start":{"line":168,"column":6},"end":{"line":168,"column":34}},"90":{"start":{"line":169,"column":6},"end":{"line":171,"column":7}},"91":{"start":{"line":170,"column":8},"end":{"line":170,"column":49}},"92":{"start":{"line":174,"column":6},"end":{"line":177,"column":7}},"93":{"start":{"line":179,"column":6},"end":{"line":188,"column":7}},"94":{"start":{"line":183,"column":8},"end":{"line":187,"column":9}},"95":{"start":{"line":184,"column":10},"end":{"line":184,"column":27}},"96":{"start":{"line":186,"column":10},"end":{"line":186,"column":34}},"97":{"start":{"line":189,"column":6},"end":{"line":192,"column":7}},"98":{"start":{"line":190,"column":8},"end":{"line":190,"column":76}},"99":{"start":{"line":191,"column":8},"end":{"line":191,"column":64}},"100":{"start":{"line":193,"column":6},"end":{"line":195,"column":7}},"101":{"start":{"line":194,"column":8},"end":{"line":194,"column":39}},"102":{"start":{"line":196,"column":6},"end":{"line":198,"column":7}},"103":{"start":{"line":197,"column":8},"end":{"line":197,"column":35}},"104":{"start":{"line":199,"column":6},"end":{"line":215,"column":7}},"105":{"start":{"line":200,"column":23},"end":{"line":200,"column":25}},"106":{"start":{"line":201,"column":24},"end":{"line":201,"column":79}},"107":{"start":{"line":202,"column":8},"end":{"line":207,"column":11}},"108":{"start":{"line":203,"column":10},"end":{"line":206,"column":11}},"109":{"start":{"line":204,"column":12},"end":{"line":204,"column":30}},"110":{"start":{"line":205,"column":12},"end":{"line":205,"column":26}},"111":{"start":{"line":208,"column":22},"end":{"line":212,"column":9}},"112":{"start":{"line":213,"column":8},"end":{"line":213,"column":46}},"113":{"start":{"line":214,"column":8},"end":{"line":214,"column":52}},"114":{"start":{"line":217,"column":6},"end":{"line":228,"column":7}},"115":{"start":{"line":218,"column":8},"end":{"line":227,"column":9}},"116":{"start":{"line":218,"column":21},"end":{"line":218,"column":22}},"117":{"start":{"line":220,"column":10},"end":{"line":226,"column":11}},"118":{"start":{"line":221,"column":12},"end":{"line":221,"column":31}},"119":{"start":{"line":222,"column":12},"end":{"line":222,"column":45}},"120":{"start":{"line":223,"column":12},"end":{"line":223,"column":56}},"121":{"start":{"line":231,"column":6},"end":{"line":235,"column":7}},"122":{"start":{"line":232,"column":23},"end":{"line":232,"column":24}},"123":{"start":{"line":233,"column":8},"end":{"line":233,"column":64}},"124":{"start":{"line":233,"column":43},"end":{"line":233,"column":61}},"125":{"start":{"line":234,"column":8},"end":{"line":234,"column":49}},"126":{"start":{"line":236,"column":6},"end":{"line":238,"column":7}},"127":{"start":{"line":237,"column":8},"end":{"line":237,"column":43}},"128":{"start":{"line":239,"column":6},"end":{"line":241,"column":7}},"129":{"start":{"line":240,"column":8},"end":{"line":240,"column":28}},"130":{"start":{"line":251,"column":6},"end":{"line":256,"column":7}},"131":{"start":{"line":252,"column":8},"end":{"line":252,"column":25}},"132":{"start":{"line":253,"column":8},"end":{"line":253,"column":45}},"133":{"start":{"line":257,"column":6},"end":{"line":259,"column":7}},"134":{"start":{"line":258,"column":8},"end":{"line":258,"column":55}},"135":{"start":{"line":261,"column":6},"end":{"line":266,"column":9}},"136":{"start":{"line":262,"column":8},"end":{"line":265,"column":9}},"137":{"start":{"line":263,"column":10},"end":{"line":263,"column":51}},"138":{"start":{"line":264,"column":10},"end":{"line":264,"column":50}},"139":{"start":{"line":268,"column":6},"end":{"line":268,"column":34}},"140":{"start":{"line":269,"column":22},"end":{"line":269,"column":61}},"141":{"start":{"line":272,"column":21},"end":{"line":272,"column":32}},"142":{"start":{"line":273,"column":6},"end":{"line":285,"column":7}},"143":{"start":{"line":274,"column":8},"end":{"line":274,"column":31}},"144":{"start":{"line":275,"column":8},"end":{"line":275,"column":25}},"145":{"start":{"line":277,"column":8},"end":{"line":277,"column":29}},"146":{"start":{"line":278,"column":8},"end":{"line":278,"column":25}},"147":{"start":{"line":284,"column":8},"end":{"line":284,"column":25}},"148":{"start":{"line":289,"column":2},"end":{"line":407,"column":4}},"149":{"start":{"line":291,"column":21},"end":{"line":303,"column":5}},"150":{"start":{"line":305,"column":19},"end":{"line":305,"column":20}},"151":{"start":{"line":307,"column":4},"end":{"line":381,"column":5}},"152":{"start":{"line":308,"column":6},"end":{"line":317,"column":9}},"153":{"start":{"line":309,"column":8},"end":{"line":316,"column":9}},"154":{"start":{"line":310,"column":10},"end":{"line":311,"column":59}},"155":{"start":{"line":319,"column":6},"end":{"line":380,"column":9}},"156":{"start":{"line":320,"column":8},"end":{"line":379,"column":9}},"157":{"start":{"line":321,"column":10},"end":{"line":321,"column":48}},"158":{"start":{"line":323,"column":10},"end":{"line":330,"column":11}},"159":{"start":{"line":324,"column":12},"end":{"line":329,"column":15}},"160":{"start":{"line":325,"column":14},"end":{"line":328,"column":15}},"161":{"start":{"line":326,"column":16},"end":{"line":326,"column":61}},"162":{"start":{"line":327,"column":16},"end":{"line":327,"column":56}},"163":{"start":{"line":332,"column":10},"end":{"line":339,"column":11}},"164":{"start":{"line":336,"column":12},"end":{"line":336,"column":78}},"165":{"start":{"line":337,"column":12},"end":{"line":337,"column":50}},"166":{"start":{"line":338,"column":12},"end":{"line":338,"column":52}},"167":{"start":{"line":341,"column":10},"end":{"line":343,"column":11}},"168":{"start":{"line":342,"column":12},"end":{"line":342,"column":33}},"169":{"start":{"line":346,"column":10},"end":{"line":378,"column":11}},"170":{"start":{"line":353,"column":12},"end":{"line":363,"column":13}},"171":{"start":{"line":359,"column":14},"end":{"line":362,"column":37}},"172":{"start":{"line":365,"column":12},"end":{"line":365,"column":49}},"173":{"start":{"line":368,"column":17},"end":{"line":378,"column":11}},"174":{"start":{"line":374,"column":12},"end":{"line":377,"column":48}},"175":{"start":{"line":387,"column":4},"end":{"line":391,"column":15}},"176":{"start":{"line":392,"column":4},"end":{"line":405,"column":6}},"177":{"start":{"line":406,"column":4},"end":{"line":406,"column":22}},"178":{"start":{"line":408,"column":2},"end":{"line":464,"column":4}},"179":{"start":{"line":409,"column":21},"end":{"line":409,"column":44}},"180":{"start":{"line":411,"column":4},"end":{"line":463,"column":5}},"181":{"start":{"line":419,"column":6},"end":{"line":419,"column":32}},"182":{"start":{"line":424,"column":6},"end":{"line":439,"column":7}},"183":{"start":{"line":425,"column":8},"end":{"line":438,"column":11}},"184":{"start":{"line":426,"column":10},"end":{"line":437,"column":11}},"185":{"start":{"line":427,"column":12},"end":{"line":436,"column":13}},"186":{"start":{"line":431,"column":14},"end":{"line":431,"column":44}},"187":{"start":{"line":432,"column":14},"end":{"line":432,"column":47}},"188":{"start":{"line":434,"column":14},"end":{"line":434,"column":38}},"189":{"start":{"line":435,"column":14},"end":{"line":435,"column":46}},"190":{"start":{"line":442,"column":6},"end":{"line":460,"column":7}},"191":{"start":{"line":446,"column":8},"end":{"line":446,"column":37}},"192":{"start":{"line":449,"column":8},"end":{"line":459,"column":9}},"193":{"start":{"line":454,"column":10},"end":{"line":454,"column":51}},"194":{"start":{"line":455,"column":10},"end":{"line":455,"column":30}},"195":{"start":{"line":457,"column":10},"end":{"line":457,"column":30}},"196":{"start":{"line":462,"column":6},"end":{"line":462,"column":32}},"197":{"start":{"line":465,"column":2},"end":{"line":478,"column":4}},"198":{"start":{"line":466,"column":4},"end":{"line":466,"column":22}},"199":{"start":{"line":467,"column":4},"end":{"line":467,"column":26}},"200":{"start":{"line":468,"column":4},"end":{"line":468,"column":20}},"201":{"start":{"line":469,"column":4},"end":{"line":469,"column":22}},"202":{"start":{"line":470,"column":4},"end":{"line":470,"column":25}},"203":{"start":{"line":471,"column":4},"end":{"line":471,"column":21}},"204":{"start":{"line":472,"column":4},"end":{"line":472,"column":23}}},"fnMap":{"0":{"name":"Location","decl":{"start":{"line":1,"column":35},"end":{"line":1,"column":43}},"loc":{"start":{"line":7,"column":2},"end":{"line":479,"column":1}},"line":7},"1":{"name":"(anonymous_1)","decl":{"start":{"line":32,"column":23},"end":{"line":32,"column":24}},"loc":{"start":{"line":32,"column":43},"end":{"line":69,"column":3}},"line":32},"2":{"name":"(anonymous_2)","decl":{"start":{"line":36,"column":17},"end":{"line":36,"column":18}},"loc":{"start":{"line":36,"column":32},"end":{"line":65,"column":5}},"line":36},"3":{"name":"(anonymous_3)","decl":{"start":{"line":70,"column":17},"end":{"line":70,"column":18}},"loc":{"start":{"line":70,"column":29},"end":{"line":85,"column":3}},"line":70},"4":{"name":"(anonymous_4)","decl":{"start":{"line":103,"column":13},"end":{"line":103,"column":14}},"loc":{"start":{"line":103,"column":38},"end":{"line":134,"column":3}},"line":103},"5":{"name":"(anonymous_5)","decl":{"start":{"line":136,"column":18},"end":{"line":136,"column":19}},"loc":{"start":{"line":136,"column":41},"end":{"line":287,"column":3}},"line":136},"6":{"name":"(anonymous_6)","decl":{"start":{"line":202,"column":37},"end":{"line":202,"column":38}},"loc":{"start":{"line":202,"column":51},"end":{"line":207,"column":9}},"line":202},"7":{"name":"(anonymous_7)","decl":{"start":{"line":233,"column":30},"end":{"line":233,"column":31}},"loc":{"start":{"line":233,"column":43},"end":{"line":233,"column":61}},"line":233},"8":{"name":"(anonymous_8)","decl":{"start":{"line":261,"column":19},"end":{"line":261,"column":20}},"loc":{"start":{"line":261,"column":34},"end":{"line":266,"column":7}},"line":261},"9":{"name":"(anonymous_9)","decl":{"start":{"line":289,"column":26},"end":{"line":289,"column":27}},"loc":{"start":{"line":289,"column":38},"end":{"line":407,"column":3}},"line":289},"10":{"name":"(anonymous_10)","decl":{"start":{"line":308,"column":27},"end":{"line":308,"column":28}},"loc":{"start":{"line":308,"column":46},"end":{"line":317,"column":7}},"line":308},"11":{"name":"(anonymous_11)","decl":{"start":{"line":319,"column":27},"end":{"line":319,"column":28}},"loc":{"start":{"line":319,"column":46},"end":{"line":380,"column":7}},"line":319},"12":{"name":"(anonymous_12)","decl":{"start":{"line":324,"column":33},"end":{"line":324,"column":34}},"loc":{"start":{"line":324,"column":46},"end":{"line":329,"column":13}},"line":324},"13":{"name":"(anonymous_13)","decl":{"start":{"line":408,"column":24},"end":{"line":408,"column":25}},"loc":{"start":{"line":408,"column":36},"end":{"line":464,"column":3}},"line":408},"14":{"name":"(anonymous_14)","decl":{"start":{"line":425,"column":29},"end":{"line":425,"column":30}},"loc":{"start":{"line":425,"column":44},"end":{"line":438,"column":9}},"line":425},"15":{"name":"(anonymous_15)","decl":{"start":{"line":465,"column":28},"end":{"line":465,"column":29}},"loc":{"start":{"line":465,"column":40},"end":{"line":478,"column":3}},"line":465}},"branchMap":{"0":{"loc":{"start":{"line":4,"column":2},"end":{"line":4,"column":8}},"type":"default-arg","locations":[{"start":{"line":4,"column":7},"end":{"line":4,"column":8}}],"line":4},"1":{"loc":{"start":{"line":37,"column":6},"end":{"line":64,"column":7}},"type":"if","locations":[{"start":{"line":37,"column":6},"end":{"line":64,"column":7}},{"start":{"line":37,"column":6},"end":{"line":64,"column":7}}],"line":37},"2":{"loc":{"start":{"line":39,"column":8},"end":{"line":63,"column":9}},"type":"if","locations":[{"start":{"line":39,"column":8},"end":{"line":63,"column":9}},{"start":{"line":39,"column":8},"end":{"line":63,"column":9}}],"line":39},"3":{"loc":{"start":{"line":42,"column":10},"end":{"line":53,"column":11}},"type":"if","locations":[{"start":{"line":42,"column":10},"end":{"line":53,"column":11}},{"start":{"line":42,"column":10},"end":{"line":53,"column":11}}],"line":42},"4":{"loc":{"start":{"line":42,"column":14},"end":{"line":42,"column":39}},"type":"binary-expr","locations":[{"start":{"line":42,"column":14},"end":{"line":42,"column":20}},{"start":{"line":42,"column":24},"end":{"line":42,"column":39}}],"line":42},"5":{"loc":{"start":{"line":54,"column":15},"end":{"line":63,"column":9}},"type":"if","locations":[{"start":{"line":54,"column":15},"end":{"line":63,"column":9}},{"start":{"line":54,"column":15},"end":{"line":63,"column":9}}],"line":54},"6":{"loc":{"start":{"line":74,"column":4},"end":{"line":81,"column":5}},"type":"if","locations":[{"start":{"line":74,"column":4},"end":{"line":81,"column":5}},{"start":{"line":74,"column":4},"end":{"line":81,"column":5}}],"line":74},"7":{"loc":{"start":{"line":88,"column":2},"end":{"line":101,"column":3}},"type":"if","locations":[{"start":{"line":88,"column":2},"end":{"line":101,"column":3}},{"start":{"line":88,"column":2},"end":{"line":101,"column":3}}],"line":88},"8":{"loc":{"start":{"line":95,"column":4},"end":{"line":98,"column":5}},"type":"if","locations":[{"start":{"line":95,"column":4},"end":{"line":98,"column":5}},{"start":{"line":95,"column":4},"end":{"line":98,"column":5}}],"line":95},"9":{"loc":{"start":{"line":104,"column":4},"end":{"line":122,"column":5}},"type":"if","locations":[{"start":{"line":104,"column":4},"end":{"line":122,"column":5}},{"start":{"line":104,"column":4},"end":{"line":122,"column":5}}],"line":104},"10":{"loc":{"start":{"line":105,"column":6},"end":{"line":106,"column":65}},"type":"binary-expr","locations":[{"start":{"line":105,"column":6},"end":{"line":105,"column":33}},{"start":{"line":106,"column":6},"end":{"line":106,"column":65}}],"line":105},"11":{"loc":{"start":{"line":137,"column":4},"end":{"line":286,"column":5}},"type":"if","locations":[{"start":{"line":137,"column":4},"end":{"line":286,"column":5}},{"start":{"line":137,"column":4},"end":{"line":286,"column":5}}],"line":137},"12":{"loc":{"start":{"line":141,"column":6},"end":{"line":157,"column":7}},"type":"if","locations":[{"start":{"line":141,"column":6},"end":{"line":157,"column":7}},{"start":{"line":141,"column":6},"end":{"line":157,"column":7}}],"line":141},"13":{"loc":{"start":{"line":164,"column":6},"end":{"line":167,"column":7}},"type":"if","locations":[{"start":{"line":164,"column":6},"end":{"line":167,"column":7}},{"start":{"line":164,"column":6},"end":{"line":167,"column":7}}],"line":164},"14":{"loc":{"start":{"line":169,"column":6},"end":{"line":171,"column":7}},"type":"if","locations":[{"start":{"line":169,"column":6},"end":{"line":171,"column":7}},{"start":{"line":169,"column":6},"end":{"line":171,"column":7}}],"line":169},"15":{"loc":{"start":{"line":174,"column":6},"end":{"line":177,"column":7}},"type":"if","locations":[{"start":{"line":174,"column":6},"end":{"line":177,"column":7}},{"start":{"line":174,"column":6},"end":{"line":177,"column":7}}],"line":174},"16":{"loc":{"start":{"line":174,"column":10},"end":{"line":174,"column":77}},"type":"binary-expr","locations":[{"start":{"line":174,"column":10},"end":{"line":174,"column":51}},{"start":{"line":174,"column":55},"end":{"line":174,"column":77}}],"line":174},"17":{"loc":{"start":{"line":179,"column":6},"end":{"line":188,"column":7}},"type":"if","locations":[{"start":{"line":179,"column":6},"end":{"line":188,"column":7}},{"start":{"line":179,"column":6},"end":{"line":188,"column":7}}],"line":179},"18":{"loc":{"start":{"line":183,"column":8},"end":{"line":187,"column":9}},"type":"if","locations":[{"start":{"line":183,"column":8},"end":{"line":187,"column":9}},{"start":{"line":183,"column":8},"end":{"line":187,"column":9}}],"line":183},"19":{"loc":{"start":{"line":189,"column":6},"end":{"line":192,"column":7}},"type":"if","locations":[{"start":{"line":189,"column":6},"end":{"line":192,"column":7}},{"start":{"line":189,"column":6},"end":{"line":192,"column":7}}],"line":189},"20":{"loc":{"start":{"line":193,"column":6},"end":{"line":195,"column":7}},"type":"if","locations":[{"start":{"line":193,"column":6},"end":{"line":195,"column":7}},{"start":{"line":193,"column":6},"end":{"line":195,"column":7}}],"line":193},"21":{"loc":{"start":{"line":196,"column":6},"end":{"line":198,"column":7}},"type":"if","locations":[{"start":{"line":196,"column":6},"end":{"line":198,"column":7}},{"start":{"line":196,"column":6},"end":{"line":198,"column":7}}],"line":196},"22":{"loc":{"start":{"line":199,"column":6},"end":{"line":215,"column":7}},"type":"if","locations":[{"start":{"line":199,"column":6},"end":{"line":215,"column":7}},{"start":{"line":199,"column":6},"end":{"line":215,"column":7}}],"line":199},"23":{"loc":{"start":{"line":203,"column":10},"end":{"line":206,"column":11}},"type":"if","locations":[{"start":{"line":203,"column":10},"end":{"line":206,"column":11}},{"start":{"line":203,"column":10},"end":{"line":206,"column":11}}],"line":203},"24":{"loc":{"start":{"line":203,"column":14},"end":{"line":203,"column":70}},"type":"binary-expr","locations":[{"start":{"line":203,"column":14},"end":{"line":203,"column":49}},{"start":{"line":203,"column":53},"end":{"line":203,"column":70}}],"line":203},"25":{"loc":{"start":{"line":217,"column":6},"end":{"line":228,"column":7}},"type":"if","locations":[{"start":{"line":217,"column":6},"end":{"line":228,"column":7}},{"start":{"line":217,"column":6},"end":{"line":228,"column":7}}],"line":217},"26":{"loc":{"start":{"line":220,"column":10},"end":{"line":226,"column":11}},"type":"if","locations":[{"start":{"line":220,"column":10},"end":{"line":226,"column":11}},{"start":{"line":220,"column":10},"end":{"line":226,"column":11}}],"line":220},"27":{"loc":{"start":{"line":220,"column":14},"end":{"line":220,"column":63}},"type":"binary-expr","locations":[{"start":{"line":220,"column":14},"end":{"line":220,"column":35}},{"start":{"line":220,"column":39},"end":{"line":220,"column":63}}],"line":220},"28":{"loc":{"start":{"line":231,"column":6},"end":{"line":235,"column":7}},"type":"if","locations":[{"start":{"line":231,"column":6},"end":{"line":235,"column":7}},{"start":{"line":231,"column":6},"end":{"line":235,"column":7}}],"line":231},"29":{"loc":{"start":{"line":236,"column":6},"end":{"line":238,"column":7}},"type":"if","locations":[{"start":{"line":236,"column":6},"end":{"line":238,"column":7}},{"start":{"line":236,"column":6},"end":{"line":238,"column":7}}],"line":236},"30":{"loc":{"start":{"line":239,"column":6},"end":{"line":241,"column":7}},"type":"if","locations":[{"start":{"line":239,"column":6},"end":{"line":241,"column":7}},{"start":{"line":239,"column":6},"end":{"line":241,"column":7}}],"line":239},"31":{"loc":{"start":{"line":251,"column":6},"end":{"line":256,"column":7}},"type":"if","locations":[{"start":{"line":251,"column":6},"end":{"line":256,"column":7}},{"start":{"line":251,"column":6},"end":{"line":256,"column":7}}],"line":251},"32":{"loc":{"start":{"line":257,"column":6},"end":{"line":259,"column":7}},"type":"if","locations":[{"start":{"line":257,"column":6},"end":{"line":259,"column":7}},{"start":{"line":257,"column":6},"end":{"line":259,"column":7}}],"line":257},"33":{"loc":{"start":{"line":262,"column":8},"end":{"line":265,"column":9}},"type":"if","locations":[{"start":{"line":262,"column":8},"end":{"line":265,"column":9}},{"start":{"line":262,"column":8},"end":{"line":265,"column":9}}],"line":262},"34":{"loc":{"start":{"line":273,"column":6},"end":{"line":285,"column":7}},"type":"if","locations":[{"start":{"line":273,"column":6},"end":{"line":285,"column":7}},{"start":{"line":273,"column":6},"end":{"line":285,"column":7}}],"line":273},"35":{"loc":{"start":{"line":307,"column":4},"end":{"line":381,"column":5}},"type":"if","locations":[{"start":{"line":307,"column":4},"end":{"line":381,"column":5}},{"start":{"line":307,"column":4},"end":{"line":381,"column":5}}],"line":307},"36":{"loc":{"start":{"line":309,"column":8},"end":{"line":316,"column":9}},"type":"if","locations":[{"start":{"line":309,"column":8},"end":{"line":316,"column":9}},{"start":{"line":309,"column":8},"end":{"line":316,"column":9}}],"line":309},"37":{"loc":{"start":{"line":309,"column":12},"end":{"line":309,"column":45}},"type":"binary-expr","locations":[{"start":{"line":309,"column":12},"end":{"line":309,"column":18}},{"start":{"line":309,"column":22},"end":{"line":309,"column":45}}],"line":309},"38":{"loc":{"start":{"line":320,"column":8},"end":{"line":379,"column":9}},"type":"if","locations":[{"start":{"line":320,"column":8},"end":{"line":379,"column":9}},{"start":{"line":320,"column":8},"end":{"line":379,"column":9}}],"line":320},"39":{"loc":{"start":{"line":320,"column":12},"end":{"line":320,"column":45}},"type":"binary-expr","locations":[{"start":{"line":320,"column":12},"end":{"line":320,"column":18}},{"start":{"line":320,"column":22},"end":{"line":320,"column":45}}],"line":320},"40":{"loc":{"start":{"line":323,"column":10},"end":{"line":330,"column":11}},"type":"if","locations":[{"start":{"line":323,"column":10},"end":{"line":330,"column":11}},{"start":{"line":323,"column":10},"end":{"line":330,"column":11}}],"line":323},"41":{"loc":{"start":{"line":325,"column":14},"end":{"line":328,"column":15}},"type":"if","locations":[{"start":{"line":325,"column":14},"end":{"line":328,"column":15}},{"start":{"line":325,"column":14},"end":{"line":328,"column":15}}],"line":325},"42":{"loc":{"start":{"line":325,"column":18},"end":{"line":325,"column":59}},"type":"binary-expr","locations":[{"start":{"line":325,"column":18},"end":{"line":325,"column":20}},{"start":{"line":325,"column":24},"end":{"line":325,"column":59}}],"line":325},"43":{"loc":{"start":{"line":332,"column":10},"end":{"line":339,"column":11}},"type":"if","locations":[{"start":{"line":332,"column":10},"end":{"line":339,"column":11}},{"start":{"line":332,"column":10},"end":{"line":339,"column":11}}],"line":332},"44":{"loc":{"start":{"line":333,"column":12},"end":{"line":334,"column":45}},"type":"binary-expr","locations":[{"start":{"line":333,"column":12},"end":{"line":333,"column":50}},{"start":{"line":334,"column":12},"end":{"line":334,"column":45}}],"line":333},"45":{"loc":{"start":{"line":341,"column":10},"end":{"line":343,"column":11}},"type":"if","locations":[{"start":{"line":341,"column":10},"end":{"line":343,"column":11}},{"start":{"line":341,"column":10},"end":{"line":343,"column":11}}],"line":341},"46":{"loc":{"start":{"line":346,"column":10},"end":{"line":378,"column":11}},"type":"if","locations":[{"start":{"line":346,"column":10},"end":{"line":378,"column":11}},{"start":{"line":346,"column":10},"end":{"line":378,"column":11}}],"line":346},"47":{"loc":{"start":{"line":353,"column":12},"end":{"line":363,"column":13}},"type":"if","locations":[{"start":{"line":353,"column":12},"end":{"line":363,"column":13}},{"start":{"line":353,"column":12},"end":{"line":363,"column":13}}],"line":353},"48":{"loc":{"start":{"line":368,"column":17},"end":{"line":378,"column":11}},"type":"if","locations":[{"start":{"line":368,"column":17},"end":{"line":378,"column":11}},{"start":{"line":368,"column":17},"end":{"line":378,"column":11}}],"line":368},"49":{"loc":{"start":{"line":411,"column":4},"end":{"line":463,"column":5}},"type":"if","locations":[{"start":{"line":411,"column":4},"end":{"line":463,"column":5}},{"start":{"line":411,"column":4},"end":{"line":463,"column":5}}],"line":411},"50":{"loc":{"start":{"line":412,"column":6},"end":{"line":415,"column":52}},"type":"binary-expr","locations":[{"start":{"line":412,"column":6},"end":{"line":412,"column":23}},{"start":{"line":413,"column":7},"end":{"line":413,"column":36}},{"start":{"line":414,"column":8},"end":{"line":414,"column":25}},{"start":{"line":415,"column":8},"end":{"line":415,"column":51}}],"line":412},"51":{"loc":{"start":{"line":424,"column":6},"end":{"line":439,"column":7}},"type":"if","locations":[{"start":{"line":424,"column":6},"end":{"line":439,"column":7}},{"start":{"line":424,"column":6},"end":{"line":439,"column":7}}],"line":424},"52":{"loc":{"start":{"line":426,"column":10},"end":{"line":437,"column":11}},"type":"if","locations":[{"start":{"line":426,"column":10},"end":{"line":437,"column":11}},{"start":{"line":426,"column":10},"end":{"line":437,"column":11}}],"line":426},"53":{"loc":{"start":{"line":426,"column":14},"end":{"line":426,"column":52}},"type":"binary-expr","locations":[{"start":{"line":426,"column":14},"end":{"line":426,"column":16}},{"start":{"line":426,"column":20},"end":{"line":426,"column":31}},{"start":{"line":426,"column":35},"end":{"line":426,"column":52}}],"line":426},"54":{"loc":{"start":{"line":427,"column":12},"end":{"line":436,"column":13}},"type":"if","locations":[{"start":{"line":427,"column":12},"end":{"line":436,"column":13}},{"start":{"line":427,"column":12},"end":{"line":436,"column":13}}],"line":427},"55":{"loc":{"start":{"line":428,"column":14},"end":{"line":429,"column":56}},"type":"binary-expr","locations":[{"start":{"line":428,"column":14},"end":{"line":428,"column":36}},{"start":{"line":429,"column":14},"end":{"line":429,"column":56}}],"line":428},"56":{"loc":{"start":{"line":442,"column":6},"end":{"line":460,"column":7}},"type":"if","locations":[{"start":{"line":442,"column":6},"end":{"line":460,"column":7}},{"start":{"line":442,"column":6},"end":{"line":460,"column":7}}],"line":442},"57":{"loc":{"start":{"line":443,"column":8},"end":{"line":444,"column":36}},"type":"binary-expr","locations":[{"start":{"line":443,"column":8},"end":{"line":443,"column":50}},{"start":{"line":444,"column":8},"end":{"line":444,"column":36}}],"line":443},"58":{"loc":{"start":{"line":449,"column":8},"end":{"line":459,"column":9}},"type":"if","locations":[{"start":{"line":449,"column":8},"end":{"line":459,"column":9}},{"start":{"line":449,"column":8},"end":{"line":459,"column":9}}],"line":449},"59":{"loc":{"start":{"line":450,"column":10},"end":{"line":452,"column":34}},"type":"binary-expr","locations":[{"start":{"line":450,"column":10},"end":{"line":450,"column":31}},{"start":{"line":451,"column":10},"end":{"line":451,"column":37}},{"start":{"line":452,"column":10},"end":{"line":452,"column":34}}],"line":450}},"s":{"0":1,"1":7,"2":7,"3":7,"4":7,"5":7,"6":7,"7":7,"8":7,"9":7,"10":7,"11":7,"12":7,"13":7,"14":7,"15":7,"16":7,"17":7,"18":7,"19":7,"20":7,"21":7,"22":7,"23":3,"24":3,"25":3,"26":3,"27":1,"28":1,"29":1,"30":1,"31":1,"32":1,"33":1,"34":1,"35":1,"36":1,"37":1,"38":2,"39":1,"40":1,"41":1,"42":1,"43":1,"44":1,"45":1,"46":3,"47":7,"48":55,"49":55,"50":55,"51":49,"52":49,"53":49,"54":49,"55":55,"56":55,"57":7,"58":7,"59":7,"60":6,"61":6,"62":7,"63":1,"64":1,"65":1,"66":1,"67":1,"68":1,"69":1,"70":1,"71":1,"72":1,"73":1,"74":1,"75":0,"76":7,"77":24,"78":23,"79":23,"80":23,"81":4,"82":23,"83":23,"84":23,"85":23,"86":23,"87":1,"88":1,"89":23,"90":23,"91":1,"92":23,"93":23,"94":1,"95":0,"96":1,"97":23,"98":1,"99":1,"100":23,"101":1,"102":23,"103":1,"104":23,"105":1,"106":1,"107":1,"108":11,"109":1,"110":1,"111":1,"112":1,"113":1,"114":23,"115":1,"116":1,"117":2,"118":2,"119":2,"120":2,"121":23,"122":1,"123":1,"124":4,"125":1,"126":23,"127":1,"128":23,"129":0,"130":23,"131":2,"132":2,"133":23,"134":2,"135":23,"136":23,"137":23,"138":23,"139":23,"140":23,"141":23,"142":23,"143":21,"144":21,"145":2,"146":2,"147":2,"148":7,"149":0,"150":0,"151":0,"152":0,"153":0,"154":0,"155":0,"156":0,"157":0,"158":0,"159":0,"160":0,"161":0,"162":0,"163":0,"164":0,"165":0,"166":0,"167":0,"168":0,"169":0,"170":0,"171":0,"172":0,"173":0,"174":0,"175":0,"176":0,"177":0,"178":7,"179":0,"180":0,"181":0,"182":0,"183":0,"184":0,"185":0,"186":0,"187":0,"188":0,"189":0,"190":0,"191":0,"192":0,"193":0,"194":0,"195":0,"196":0,"197":7,"198":0,"199":0,"200":0,"201":0,"202":0,"203":0,"204":0},"f":{"0":7,"1":3,"2":3,"3":55,"4":1,"5":24,"6":11,"7":4,"8":23,"9":0,"10":0,"11":0,"12":0,"13":0,"14":0,"15":0},"b":{"0":[0],"1":[3,0],"2":[1,2],"3":[1,0],"4":[1,1],"5":[1,1],"6":[49,6],"7":[7,0],"8":[6,1],"9":[1,0],"10":[1,1],"11":[23,1],"12":[4,19],"13":[1,22],"14":[1,22],"15":[0,23],"16":[23,1],"17":[1,22],"18":[0,1],"19":[1,22],"20":[1,22],"21":[1,22],"22":[1,22],"23":[1,10],"24":[11,10],"25":[1,22],"26":[2,0],"27":[2,0],"28":[1,22],"29":[1,22],"30":[0,23],"31":[2,21],"32":[2,21],"33":[23,0],"34":[21,2],"35":[0,0],"36":[0,0],"37":[0,0],"38":[0,0],"39":[0,0],"40":[0,0],"41":[0,0],"42":[0,0],"43":[0,0],"44":[0,0],"45":[0,0],"46":[0,0],"47":[0,0],"48":[0,0],"49":[0,0],"50":[0,0,0,0],"51":[0,0],"52":[0,0],"53":[0,0,0],"54":[0,0],"55":[0,0],"56":[0,0],"57":[0,0],"58":[0,0],"59":[0,0,0]},"_coverageSchema":"1a1c01bbd47fc00a2c39e90264f33305004495a9","hash":"0f3e3d176c6e3109333a0d876754e361668a23e7"}
,"/home/kc/Documents/Workspace/card-be/objects/Player.js": {"path":"/home/kc/Documents/Workspace/card-be/objects/Player.js","statementMap":{"0":{"start":{"line":1,"column":0},"end":{"line":167,"column":2}},"1":{"start":{"line":8,"column":2},"end":{"line":8,"column":41}},"2":{"start":{"line":9,"column":2},"end":{"line":9,"column":17}},"3":{"start":{"line":10,"column":2},"end":{"line":10,"column":15}},"4":{"start":{"line":11,"column":2},"end":{"line":11,"column":19}},"5":{"start":{"line":12,"column":2},"end":{"line":12,"column":21}},"6":{"start":{"line":13,"column":2},"end":{"line":13,"column":17}},"7":{"start":{"line":14,"column":2},"end":{"line":14,"column":50}},"8":{"start":{"line":15,"column":2},"end":{"line":15,"column":20}},"9":{"start":{"line":16,"column":2},"end":{"line":16,"column":19}},"10":{"start":{"line":17,"column":2},"end":{"line":17,"column":27}},"11":{"start":{"line":18,"column":2},"end":{"line":18,"column":23}},"12":{"start":{"line":19,"column":2},"end":{"line":19,"column":21}},"13":{"start":{"line":20,"column":2},"end":{"line":20,"column":35}},"14":{"start":{"line":26,"column":2},"end":{"line":30,"column":4}},"15":{"start":{"line":27,"column":4},"end":{"line":27,"column":23}},"16":{"start":{"line":28,"column":4},"end":{"line":28,"column":24}},"17":{"start":{"line":29,"column":4},"end":{"line":29,"column":19}},"18":{"start":{"line":31,"column":2},"end":{"line":36,"column":4}},"19":{"start":{"line":32,"column":21},"end":{"line":32,"column":54}},"20":{"start":{"line":33,"column":4},"end":{"line":33,"column":35}},"21":{"start":{"line":34,"column":4},"end":{"line":34,"column":21}},"22":{"start":{"line":35,"column":4},"end":{"line":35,"column":22}},"23":{"start":{"line":38,"column":2},"end":{"line":79,"column":4}},"24":{"start":{"line":41,"column":18},"end":{"line":41,"column":32}},"25":{"start":{"line":42,"column":21},"end":{"line":42,"column":38}},"26":{"start":{"line":43,"column":18},"end":{"line":43,"column":32}},"27":{"start":{"line":45,"column":20},"end":{"line":45,"column":29}},"28":{"start":{"line":46,"column":4},"end":{"line":74,"column":5}},"29":{"start":{"line":47,"column":6},"end":{"line":73,"column":7}},"30":{"start":{"line":48,"column":8},"end":{"line":48,"column":36}},"31":{"start":{"line":49,"column":8},"end":{"line":49,"column":24}},"32":{"start":{"line":50,"column":13},"end":{"line":73,"column":7}},"33":{"start":{"line":51,"column":8},"end":{"line":51,"column":22}},"34":{"start":{"line":54,"column":8},"end":{"line":54,"column":20}},"35":{"start":{"line":55,"column":22},"end":{"line":55,"column":70}},"36":{"start":{"line":56,"column":8},"end":{"line":72,"column":9}},"37":{"start":{"line":60,"column":10},"end":{"line":60,"column":22}},"38":{"start":{"line":62,"column":10},"end":{"line":62,"column":37}},"39":{"start":{"line":64,"column":10},"end":{"line":67,"column":11}},"40":{"start":{"line":65,"column":12},"end":{"line":65,"column":47}},"41":{"start":{"line":68,"column":10},"end":{"line":71,"column":11}},"42":{"start":{"line":69,"column":12},"end":{"line":69,"column":43}},"43":{"start":{"line":70,"column":12},"end":{"line":70,"column":39}},"44":{"start":{"line":75,"column":4},"end":{"line":75,"column":29}},"45":{"start":{"line":76,"column":4},"end":{"line":76,"column":35}},"46":{"start":{"line":77,"column":4},"end":{"line":77,"column":29}},"47":{"start":{"line":81,"column":2},"end":{"line":91,"column":4}},"48":{"start":{"line":83,"column":21},"end":{"line":83,"column":38}},"49":{"start":{"line":84,"column":4},"end":{"line":88,"column":7}},"50":{"start":{"line":85,"column":6},"end":{"line":87,"column":7}},"51":{"start":{"line":86,"column":8},"end":{"line":86,"column":30}},"52":{"start":{"line":89,"column":4},"end":{"line":89,"column":35}},"53":{"start":{"line":90,"column":4},"end":{"line":90,"column":19}},"54":{"start":{"line":92,"column":2},"end":{"line":101,"column":4}},"55":{"start":{"line":93,"column":4},"end":{"line":100,"column":5}},"56":{"start":{"line":94,"column":20},"end":{"line":94,"column":34}},"57":{"start":{"line":96,"column":6},"end":{"line":96,"column":57}},"58":{"start":{"line":97,"column":6},"end":{"line":97,"column":31}},"59":{"start":{"line":98,"column":6},"end":{"line":98,"column":31}},"60":{"start":{"line":103,"column":2},"end":{"line":118,"column":4}},"61":{"start":{"line":106,"column":4},"end":{"line":116,"column":5}},"62":{"start":{"line":107,"column":6},"end":{"line":107,"column":55}},"63":{"start":{"line":109,"column":20},"end":{"line":109,"column":22}},"64":{"start":{"line":110,"column":6},"end":{"line":114,"column":9}},"65":{"start":{"line":111,"column":8},"end":{"line":113,"column":9}},"66":{"start":{"line":112,"column":10},"end":{"line":112,"column":29}},"67":{"start":{"line":115,"column":6},"end":{"line":115,"column":31}},"68":{"start":{"line":119,"column":2},"end":{"line":125,"column":4}},"69":{"start":{"line":122,"column":4},"end":{"line":124,"column":5}},"70":{"start":{"line":123,"column":6},"end":{"line":123,"column":43}},"71":{"start":{"line":127,"column":2},"end":{"line":138,"column":4}},"72":{"start":{"line":128,"column":4},"end":{"line":137,"column":5}},"73":{"start":{"line":129,"column":21},"end":{"line":129,"column":42}},"74":{"start":{"line":130,"column":6},"end":{"line":130,"column":19}},"75":{"start":{"line":131,"column":20},"end":{"line":131,"column":34}},"76":{"start":{"line":132,"column":6},"end":{"line":132,"column":31}},"77":{"start":{"line":133,"column":6},"end":{"line":133,"column":31}},"78":{"start":{"line":134,"column":6},"end":{"line":134,"column":47}},"79":{"start":{"line":136,"column":6},"end":{"line":136,"column":35}},"80":{"start":{"line":140,"column":2},"end":{"line":150,"column":4}},"81":{"start":{"line":142,"column":16},"end":{"line":142,"column":17}},"82":{"start":{"line":143,"column":4},"end":{"line":147,"column":5}},"83":{"start":{"line":144,"column":6},"end":{"line":146,"column":9}},"84":{"start":{"line":145,"column":8},"end":{"line":145,"column":39}},"85":{"start":{"line":149,"column":4},"end":{"line":149,"column":17}},"86":{"start":{"line":151,"column":2},"end":{"line":166,"column":4}},"87":{"start":{"line":152,"column":4},"end":{"line":152,"column":38}},"88":{"start":{"line":153,"column":20},"end":{"line":153,"column":21}},"89":{"start":{"line":154,"column":4},"end":{"line":156,"column":7}},"90":{"start":{"line":155,"column":6},"end":{"line":155,"column":46}},"91":{"start":{"line":157,"column":4},"end":{"line":163,"column":6}},"92":{"start":{"line":164,"column":4},"end":{"line":164,"column":69}},"93":{"start":{"line":164,"column":40},"end":{"line":164,"column":66}},"94":{"start":{"line":165,"column":4},"end":{"line":165,"column":21}}},"fnMap":{"0":{"name":"Player","decl":{"start":{"line":1,"column":33},"end":{"line":1,"column":39}},"loc":{"start":{"line":7,"column":2},"end":{"line":167,"column":1}},"line":7},"1":{"name":"(anonymous_1)","decl":{"start":{"line":26,"column":19},"end":{"line":26,"column":20}},"loc":{"start":{"line":26,"column":31},"end":{"line":30,"column":3}},"line":26},"2":{"name":"(anonymous_2)","decl":{"start":{"line":31,"column":22},"end":{"line":31,"column":23}},"loc":{"start":{"line":31,"column":34},"end":{"line":36,"column":3}},"line":31},"3":{"name":"(anonymous_3)","decl":{"start":{"line":38,"column":19},"end":{"line":38,"column":20}},"loc":{"start":{"line":38,"column":40},"end":{"line":79,"column":3}},"line":38},"4":{"name":"(anonymous_4)","decl":{"start":{"line":81,"column":21},"end":{"line":81,"column":22}},"loc":{"start":{"line":81,"column":33},"end":{"line":91,"column":3}},"line":81},"5":{"name":"(anonymous_5)","decl":{"start":{"line":84,"column":18},"end":{"line":84,"column":19}},"loc":{"start":{"line":84,"column":35},"end":{"line":88,"column":5}},"line":84},"6":{"name":"(anonymous_6)","decl":{"start":{"line":92,"column":21},"end":{"line":92,"column":22}},"loc":{"start":{"line":92,"column":38},"end":{"line":101,"column":3}},"line":92},"7":{"name":"(anonymous_7)","decl":{"start":{"line":103,"column":20},"end":{"line":103,"column":21}},"loc":{"start":{"line":103,"column":37},"end":{"line":118,"column":3}},"line":103},"8":{"name":"(anonymous_8)","decl":{"start":{"line":110,"column":20},"end":{"line":110,"column":21}},"loc":{"start":{"line":110,"column":33},"end":{"line":114,"column":7}},"line":110},"9":{"name":"(anonymous_9)","decl":{"start":{"line":119,"column":17},"end":{"line":119,"column":18}},"loc":{"start":{"line":119,"column":33},"end":{"line":125,"column":3}},"line":119},"10":{"name":"(anonymous_10)","decl":{"start":{"line":127,"column":18},"end":{"line":127,"column":19}},"loc":{"start":{"line":127,"column":35},"end":{"line":138,"column":3}},"line":127},"11":{"name":"(anonymous_11)","decl":{"start":{"line":140,"column":22},"end":{"line":140,"column":23}},"loc":{"start":{"line":140,"column":34},"end":{"line":150,"column":3}},"line":140},"12":{"name":"(anonymous_12)","decl":{"start":{"line":144,"column":20},"end":{"line":144,"column":21}},"loc":{"start":{"line":144,"column":37},"end":{"line":146,"column":7}},"line":144},"13":{"name":"(anonymous_13)","decl":{"start":{"line":151,"column":27},"end":{"line":151,"column":28}},"loc":{"start":{"line":151,"column":39},"end":{"line":166,"column":3}},"line":151},"14":{"name":"(anonymous_14)","decl":{"start":{"line":154,"column":18},"end":{"line":154,"column":19}},"loc":{"start":{"line":154,"column":35},"end":{"line":156,"column":5}},"line":154},"15":{"name":"(anonymous_15)","decl":{"start":{"line":164,"column":30},"end":{"line":164,"column":31}},"loc":{"start":{"line":164,"column":40},"end":{"line":164,"column":66}},"line":164}},"branchMap":{"0":{"loc":{"start":{"line":4,"column":2},"end":{"line":4,"column":13}},"type":"default-arg","locations":[{"start":{"line":4,"column":9},"end":{"line":4,"column":13}}],"line":4},"1":{"loc":{"start":{"line":5,"column":2},"end":{"line":5,"column":8}},"type":"default-arg","locations":[{"start":{"line":5,"column":7},"end":{"line":5,"column":8}}],"line":5},"2":{"loc":{"start":{"line":6,"column":2},"end":{"line":6,"column":15}},"type":"default-arg","locations":[{"start":{"line":6,"column":10},"end":{"line":6,"column":15}}],"line":6},"3":{"loc":{"start":{"line":47,"column":6},"end":{"line":73,"column":7}},"type":"if","locations":[{"start":{"line":47,"column":6},"end":{"line":73,"column":7}},{"start":{"line":47,"column":6},"end":{"line":73,"column":7}}],"line":47},"4":{"loc":{"start":{"line":47,"column":10},"end":{"line":47,"column":55}},"type":"binary-expr","locations":[{"start":{"line":47,"column":10},"end":{"line":47,"column":29}},{"start":{"line":47,"column":33},"end":{"line":47,"column":55}}],"line":47},"5":{"loc":{"start":{"line":50,"column":13},"end":{"line":73,"column":7}},"type":"if","locations":[{"start":{"line":50,"column":13},"end":{"line":73,"column":7}},{"start":{"line":50,"column":13},"end":{"line":73,"column":7}}],"line":50},"6":{"loc":{"start":{"line":50,"column":17},"end":{"line":50,"column":62}},"type":"binary-expr","locations":[{"start":{"line":50,"column":17},"end":{"line":50,"column":36}},{"start":{"line":50,"column":40},"end":{"line":50,"column":62}}],"line":50},"7":{"loc":{"start":{"line":56,"column":8},"end":{"line":72,"column":9}},"type":"if","locations":[{"start":{"line":56,"column":8},"end":{"line":72,"column":9}},{"start":{"line":56,"column":8},"end":{"line":72,"column":9}}],"line":56},"8":{"loc":{"start":{"line":57,"column":10},"end":{"line":58,"column":58}},"type":"binary-expr","locations":[{"start":{"line":57,"column":10},"end":{"line":57,"column":26}},{"start":{"line":58,"column":10},"end":{"line":58,"column":58}}],"line":57},"9":{"loc":{"start":{"line":64,"column":10},"end":{"line":67,"column":11}},"type":"if","locations":[{"start":{"line":64,"column":10},"end":{"line":67,"column":11}},{"start":{"line":64,"column":10},"end":{"line":67,"column":11}}],"line":64},"10":{"loc":{"start":{"line":64,"column":14},"end":{"line":64,"column":55}},"type":"binary-expr","locations":[{"start":{"line":64,"column":14},"end":{"line":64,"column":30}},{"start":{"line":64,"column":34},"end":{"line":64,"column":55}}],"line":64},"11":{"loc":{"start":{"line":68,"column":10},"end":{"line":71,"column":11}},"type":"if","locations":[{"start":{"line":68,"column":10},"end":{"line":71,"column":11}},{"start":{"line":68,"column":10},"end":{"line":71,"column":11}}],"line":68},"12":{"loc":{"start":{"line":85,"column":6},"end":{"line":87,"column":7}},"type":"if","locations":[{"start":{"line":85,"column":6},"end":{"line":87,"column":7}},{"start":{"line":85,"column":6},"end":{"line":87,"column":7}}],"line":85},"13":{"loc":{"start":{"line":85,"column":10},"end":{"line":85,"column":53}},"type":"binary-expr","locations":[{"start":{"line":85,"column":10},"end":{"line":85,"column":14}},{"start":{"line":85,"column":18},"end":{"line":85,"column":53}}],"line":85},"14":{"loc":{"start":{"line":93,"column":4},"end":{"line":100,"column":5}},"type":"if","locations":[{"start":{"line":93,"column":4},"end":{"line":100,"column":5}},{"start":{"line":93,"column":4},"end":{"line":100,"column":5}}],"line":93},"15":{"loc":{"start":{"line":93,"column":8},"end":{"line":93,"column":63}},"type":"binary-expr","locations":[{"start":{"line":93,"column":8},"end":{"line":93,"column":21}},{"start":{"line":93,"column":25},"end":{"line":93,"column":35}},{"start":{"line":93,"column":39},"end":{"line":93,"column":63}}],"line":93},"16":{"loc":{"start":{"line":106,"column":4},"end":{"line":116,"column":5}},"type":"if","locations":[{"start":{"line":106,"column":4},"end":{"line":116,"column":5}},{"start":{"line":106,"column":4},"end":{"line":116,"column":5}}],"line":106},"17":{"loc":{"start":{"line":106,"column":8},"end":{"line":106,"column":35}},"type":"binary-expr","locations":[{"start":{"line":106,"column":8},"end":{"line":106,"column":21}},{"start":{"line":106,"column":25},"end":{"line":106,"column":35}}],"line":106},"18":{"loc":{"start":{"line":111,"column":8},"end":{"line":113,"column":9}},"type":"if","locations":[{"start":{"line":111,"column":8},"end":{"line":113,"column":9}},{"start":{"line":111,"column":8},"end":{"line":113,"column":9}}],"line":111},"19":{"loc":{"start":{"line":122,"column":4},"end":{"line":124,"column":5}},"type":"if","locations":[{"start":{"line":122,"column":4},"end":{"line":124,"column":5}},{"start":{"line":122,"column":4},"end":{"line":124,"column":5}}],"line":122},"20":{"loc":{"start":{"line":128,"column":4},"end":{"line":137,"column":5}},"type":"if","locations":[{"start":{"line":128,"column":4},"end":{"line":137,"column":5}},{"start":{"line":128,"column":4},"end":{"line":137,"column":5}}],"line":128},"21":{"loc":{"start":{"line":128,"column":8},"end":{"line":128,"column":63}},"type":"binary-expr","locations":[{"start":{"line":128,"column":8},"end":{"line":128,"column":21}},{"start":{"line":128,"column":25},"end":{"line":128,"column":35}},{"start":{"line":128,"column":39},"end":{"line":128,"column":63}}],"line":128},"22":{"loc":{"start":{"line":143,"column":4},"end":{"line":147,"column":5}},"type":"if","locations":[{"start":{"line":143,"column":4},"end":{"line":147,"column":5}},{"start":{"line":143,"column":4},"end":{"line":147,"column":5}}],"line":143}},"s":{"0":2,"1":15,"2":15,"3":15,"4":15,"5":15,"6":15,"7":15,"8":15,"9":15,"10":15,"11":15,"12":15,"13":15,"14":15,"15":0,"16":0,"17":0,"18":15,"19":1,"20":1,"21":1,"22":1,"23":15,"24":8,"25":8,"26":8,"27":8,"28":8,"29":10,"30":1,"31":1,"32":9,"33":1,"34":8,"35":8,"36":8,"37":0,"38":0,"39":8,"40":0,"41":8,"42":8,"43":8,"44":8,"45":8,"46":8,"47":15,"48":1,"49":1,"50":3,"51":3,"52":1,"53":1,"54":15,"55":6,"56":3,"57":3,"58":3,"59":3,"60":15,"61":24,"62":22,"63":22,"64":22,"65":220,"66":198,"67":22,"68":15,"69":3,"70":2,"71":15,"72":6,"73":3,"74":3,"75":3,"76":3,"77":3,"78":3,"79":3,"80":15,"81":2,"82":2,"83":1,"84":3,"85":2,"86":15,"87":2,"88":2,"89":2,"90":3,"91":2,"92":2,"93":3,"94":2},"f":{"0":15,"1":0,"2":1,"3":8,"4":1,"5":3,"6":6,"7":24,"8":220,"9":3,"10":6,"11":2,"12":3,"13":2,"14":3,"15":3},"b":{"0":[0],"1":[15],"2":[15],"3":[1,9],"4":[10,2],"5":[1,8],"6":[9,1],"7":[0,8],"8":[8,8],"9":[0,8],"10":[8,8],"11":[8,0],"12":[3,0],"13":[3,3],"14":[3,3],"15":[6,5,4],"16":[22,2],"17":[24,23],"18":[198,22],"19":[2,1],"20":[3,3],"21":[6,5,4],"22":[1,1]},"_coverageSchema":"1a1c01bbd47fc00a2c39e90264f33305004495a9","hash":"a1b86568d3ebf79d49dd773e4a47d615948dd83a"}
,"/home/kc/Documents/Workspace/card-be/tests/filterByTerm.js": {"path":"/home/kc/Documents/Workspace/card-be/tests/filterByTerm.js","statementMap":{"0":{"start":{"line":2,"column":2},"end":{"line":2,"column":61}},"1":{"start":{"line":2,"column":19},"end":{"line":2,"column":61}},"2":{"start":{"line":3,"column":2},"end":{"line":3,"column":64}},"3":{"start":{"line":3,"column":24},"end":{"line":3,"column":64}},"4":{"start":{"line":4,"column":16},"end":{"line":4,"column":43}},"5":{"start":{"line":5,"column":2},"end":{"line":7,"column":5}},"6":{"start":{"line":6,"column":4},"end":{"line":6,"column":41}},"7":{"start":{"line":10,"column":0},"end":{"line":10,"column":30}}},"fnMap":{"0":{"name":"filterByTerm","decl":{"start":{"line":1,"column":9},"end":{"line":1,"column":21}},"loc":{"start":{"line":1,"column":44},"end":{"line":8,"column":1}},"line":1},"1":{"name":"(anonymous_1)","decl":{"start":{"line":5,"column":25},"end":{"line":5,"column":26}},"loc":{"start":{"line":5,"column":48},"end":{"line":7,"column":3}},"line":5}},"branchMap":{"0":{"loc":{"start":{"line":2,"column":2},"end":{"line":2,"column":61}},"type":"if","locations":[{"start":{"line":2,"column":2},"end":{"line":2,"column":61}},{"start":{"line":2,"column":2},"end":{"line":2,"column":61}}],"line":2},"1":{"loc":{"start":{"line":3,"column":2},"end":{"line":3,"column":64}},"type":"if","locations":[{"start":{"line":3,"column":2},"end":{"line":3,"column":64}},{"start":{"line":3,"column":2},"end":{"line":3,"column":64}}],"line":3}},"s":{"0":4,"1":1,"2":3,"3":0,"4":3,"5":3,"6":9,"7":1},"f":{"0":4,"1":9},"b":{"0":[1,3],"1":[0,3]},"_coverageSchema":"1a1c01bbd47fc00a2c39e90264f33305004495a9","hash":"ffd5f6268f349b1a92a70c685b48d02a9173fd08"}
}
