{"/home/kc/Documents/Workspace/card-be/objects/CardData.js": {"path":"/home/kc/Documents/Workspace/card-be/objects/CardData.js","statementMap":{"0":{"start":{"line":1,"column":17},"end":{"line":1,"column":41}},"1":{"start":{"line":3,"column":0},"end":{"line":17,"column":2}},"2":{"start":{"line":4,"column":14},"end":{"line":4,"column":16}},"3":{"start":{"line":5,"column":2},"end":{"line":12,"column":5}},"4":{"start":{"line":6,"column":4},"end":{"line":6,"column":21}},"5":{"start":{"line":7,"column":4},"end":{"line":11,"column":7}},"6":{"start":{"line":8,"column":6},"end":{"line":10,"column":8}},"7":{"start":{"line":8,"column":19},"end":{"line":8,"column":20}},"8":{"start":{"line":9,"column":8},"end":{"line":9,"column":31}},"9":{"start":{"line":14,"column":17},"end":{"line":14,"column":70}},"10":{"start":{"line":16,"column":2},"end":{"line":16,"column":18}}},"fnMap":{"0":{"name":"CardData","decl":{"start":{"line":3,"column":31},"end":{"line":3,"column":39}},"loc":{"start":{"line":3,"column":42},"end":{"line":17,"column":1}},"line":3},"1":{"name":"(anonymous_1)","decl":{"start":{"line":5,"column":34},"end":{"line":5,"column":35}},"loc":{"start":{"line":5,"column":44},"end":{"line":12,"column":3}},"line":5},"2":{"name":"(anonymous_2)","decl":{"start":{"line":7,"column":29},"end":{"line":7,"column":30}},"loc":{"start":{"line":7,"column":46},"end":{"line":11,"column":5}},"line":7}},"branchMap":{},"s":{"0":1,"1":1,"2":1,"3":1,"4":5,"5":5,"6":30,"7":30,"8":76,"9":1,"10":1},"f":{"0":1,"1":5,"2":30},"b":{},"_coverageSchema":"1a1c01bbd47fc00a2c39e90264f33305004495a9","hash":"524a9f4d9e24ef9fb62ad9490ee28e6a3722903f"}
,"/home/kc/Documents/Workspace/card-be/objects/Player.js": {"path":"/home/kc/Documents/Workspace/card-be/objects/Player.js","statementMap":{"0":{"start":{"line":1,"column":0},"end":{"line":160,"column":2}},"1":{"start":{"line":8,"column":2},"end":{"line":8,"column":41}},"2":{"start":{"line":9,"column":2},"end":{"line":9,"column":17}},"3":{"start":{"line":10,"column":2},"end":{"line":10,"column":15}},"4":{"start":{"line":11,"column":2},"end":{"line":11,"column":19}},"5":{"start":{"line":12,"column":2},"end":{"line":12,"column":21}},"6":{"start":{"line":13,"column":2},"end":{"line":13,"column":17}},"7":{"start":{"line":14,"column":2},"end":{"line":14,"column":50}},"8":{"start":{"line":15,"column":2},"end":{"line":15,"column":20}},"9":{"start":{"line":16,"column":2},"end":{"line":16,"column":19}},"10":{"start":{"line":17,"column":2},"end":{"line":17,"column":27}},"11":{"start":{"line":18,"column":2},"end":{"line":18,"column":23}},"12":{"start":{"line":19,"column":2},"end":{"line":19,"column":35}},"13":{"start":{"line":25,"column":2},"end":{"line":29,"column":4}},"14":{"start":{"line":26,"column":4},"end":{"line":26,"column":23}},"15":{"start":{"line":27,"column":4},"end":{"line":27,"column":24}},"16":{"start":{"line":28,"column":4},"end":{"line":28,"column":19}},"17":{"start":{"line":30,"column":2},"end":{"line":35,"column":3}},"18":{"start":{"line":31,"column":21},"end":{"line":31,"column":54}},"19":{"start":{"line":32,"column":4},"end":{"line":32,"column":35}},"20":{"start":{"line":33,"column":4},"end":{"line":33,"column":21}},"21":{"start":{"line":34,"column":4},"end":{"line":34,"column":22}},"22":{"start":{"line":37,"column":2},"end":{"line":78,"column":4}},"23":{"start":{"line":40,"column":18},"end":{"line":40,"column":32}},"24":{"start":{"line":41,"column":21},"end":{"line":41,"column":38}},"25":{"start":{"line":42,"column":18},"end":{"line":42,"column":32}},"26":{"start":{"line":44,"column":20},"end":{"line":44,"column":29}},"27":{"start":{"line":45,"column":4},"end":{"line":73,"column":5}},"28":{"start":{"line":46,"column":6},"end":{"line":72,"column":7}},"29":{"start":{"line":47,"column":8},"end":{"line":47,"column":36}},"30":{"start":{"line":48,"column":8},"end":{"line":48,"column":24}},"31":{"start":{"line":49,"column":13},"end":{"line":72,"column":7}},"32":{"start":{"line":50,"column":8},"end":{"line":50,"column":22}},"33":{"start":{"line":53,"column":8},"end":{"line":53,"column":20}},"34":{"start":{"line":54,"column":22},"end":{"line":54,"column":70}},"35":{"start":{"line":55,"column":8},"end":{"line":71,"column":9}},"36":{"start":{"line":59,"column":10},"end":{"line":59,"column":22}},"37":{"start":{"line":61,"column":10},"end":{"line":61,"column":37}},"38":{"start":{"line":63,"column":10},"end":{"line":66,"column":11}},"39":{"start":{"line":64,"column":12},"end":{"line":64,"column":47}},"40":{"start":{"line":67,"column":10},"end":{"line":70,"column":11}},"41":{"start":{"line":68,"column":12},"end":{"line":68,"column":43}},"42":{"start":{"line":69,"column":12},"end":{"line":69,"column":39}},"43":{"start":{"line":74,"column":4},"end":{"line":74,"column":29}},"44":{"start":{"line":75,"column":4},"end":{"line":75,"column":35}},"45":{"start":{"line":76,"column":4},"end":{"line":76,"column":29}},"46":{"start":{"line":80,"column":2},"end":{"line":90,"column":4}},"47":{"start":{"line":82,"column":21},"end":{"line":82,"column":38}},"48":{"start":{"line":83,"column":4},"end":{"line":87,"column":7}},"49":{"start":{"line":84,"column":6},"end":{"line":86,"column":7}},"50":{"start":{"line":85,"column":8},"end":{"line":85,"column":30}},"51":{"start":{"line":88,"column":4},"end":{"line":88,"column":35}},"52":{"start":{"line":89,"column":4},"end":{"line":89,"column":19}},"53":{"start":{"line":91,"column":2},"end":{"line":100,"column":4}},"54":{"start":{"line":92,"column":4},"end":{"line":99,"column":7}},"55":{"start":{"line":93,"column":22},"end":{"line":93,"column":36}},"56":{"start":{"line":95,"column":8},"end":{"line":95,"column":59}},"57":{"start":{"line":96,"column":8},"end":{"line":96,"column":33}},"58":{"start":{"line":97,"column":8},"end":{"line":97,"column":33}},"59":{"start":{"line":102,"column":2},"end":{"line":117,"column":4}},"60":{"start":{"line":105,"column":4},"end":{"line":115,"column":7}},"61":{"start":{"line":106,"column":8},"end":{"line":106,"column":57}},"62":{"start":{"line":108,"column":22},"end":{"line":108,"column":24}},"63":{"start":{"line":109,"column":8},"end":{"line":113,"column":11}},"64":{"start":{"line":110,"column":10},"end":{"line":112,"column":11}},"65":{"start":{"line":111,"column":12},"end":{"line":111,"column":31}},"66":{"start":{"line":114,"column":8},"end":{"line":114,"column":33}},"67":{"start":{"line":118,"column":2},"end":{"line":124,"column":4}},"68":{"start":{"line":121,"column":4},"end":{"line":123,"column":5}},"69":{"start":{"line":122,"column":6},"end":{"line":122,"column":45}},"70":{"start":{"line":126,"column":2},"end":{"line":137,"column":4}},"71":{"start":{"line":127,"column":4},"end":{"line":136,"column":5}},"72":{"start":{"line":128,"column":21},"end":{"line":128,"column":42}},"73":{"start":{"line":129,"column":6},"end":{"line":129,"column":19}},"74":{"start":{"line":130,"column":20},"end":{"line":130,"column":34}},"75":{"start":{"line":131,"column":6},"end":{"line":131,"column":31}},"76":{"start":{"line":132,"column":6},"end":{"line":132,"column":31}},"77":{"start":{"line":133,"column":6},"end":{"line":133,"column":42}},"78":{"start":{"line":135,"column":6},"end":{"line":135,"column":34}},"79":{"start":{"line":139,"column":2},"end":{"line":149,"column":4}},"80":{"start":{"line":141,"column":16},"end":{"line":141,"column":17}},"81":{"start":{"line":142,"column":4},"end":{"line":146,"column":5}},"82":{"start":{"line":143,"column":6},"end":{"line":145,"column":9}},"83":{"start":{"line":144,"column":8},"end":{"line":144,"column":39}},"84":{"start":{"line":148,"column":4},"end":{"line":148,"column":17}},"85":{"start":{"line":150,"column":2},"end":{"line":159,"column":4}},"86":{"start":{"line":151,"column":4},"end":{"line":151,"column":37}},"87":{"start":{"line":152,"column":20},"end":{"line":152,"column":21}},"88":{"start":{"line":153,"column":4},"end":{"line":155,"column":7}},"89":{"start":{"line":154,"column":6},"end":{"line":154,"column":46}},"90":{"start":{"line":156,"column":4},"end":{"line":156,"column":104}},"91":{"start":{"line":157,"column":4},"end":{"line":157,"column":64}},"92":{"start":{"line":157,"column":38},"end":{"line":157,"column":62}},"93":{"start":{"line":158,"column":4},"end":{"line":158,"column":21}}},"fnMap":{"0":{"name":"Player","decl":{"start":{"line":1,"column":33},"end":{"line":1,"column":39}},"loc":{"start":{"line":7,"column":2},"end":{"line":160,"column":1}},"line":7},"1":{"name":"(anonymous_1)","decl":{"start":{"line":25,"column":19},"end":{"line":25,"column":20}},"loc":{"start":{"line":25,"column":31},"end":{"line":29,"column":3}},"line":25},"2":{"name":"(anonymous_2)","decl":{"start":{"line":30,"column":22},"end":{"line":30,"column":23}},"loc":{"start":{"line":30,"column":34},"end":{"line":35,"column":3}},"line":30},"3":{"name":"(anonymous_3)","decl":{"start":{"line":37,"column":19},"end":{"line":37,"column":20}},"loc":{"start":{"line":37,"column":40},"end":{"line":78,"column":3}},"line":37},"4":{"name":"(anonymous_4)","decl":{"start":{"line":80,"column":21},"end":{"line":80,"column":22}},"loc":{"start":{"line":80,"column":33},"end":{"line":90,"column":3}},"line":80},"5":{"name":"(anonymous_5)","decl":{"start":{"line":83,"column":18},"end":{"line":83,"column":19}},"loc":{"start":{"line":83,"column":35},"end":{"line":87,"column":5}},"line":83},"6":{"name":"(anonymous_6)","decl":{"start":{"line":91,"column":21},"end":{"line":91,"column":22}},"loc":{"start":{"line":91,"column":38},"end":{"line":100,"column":3}},"line":91},"7":{"name":"(anonymous_7)","decl":{"start":{"line":102,"column":20},"end":{"line":102,"column":21}},"loc":{"start":{"line":102,"column":37},"end":{"line":117,"column":3}},"line":102},"8":{"name":"(anonymous_8)","decl":{"start":{"line":109,"column":22},"end":{"line":109,"column":23}},"loc":{"start":{"line":109,"column":35},"end":{"line":113,"column":9}},"line":109},"9":{"name":"(anonymous_9)","decl":{"start":{"line":118,"column":17},"end":{"line":118,"column":18}},"loc":{"start":{"line":118,"column":33},"end":{"line":124,"column":3}},"line":118},"10":{"name":"(anonymous_10)","decl":{"start":{"line":126,"column":18},"end":{"line":126,"column":19}},"loc":{"start":{"line":126,"column":35},"end":{"line":137,"column":3}},"line":126},"11":{"name":"(anonymous_11)","decl":{"start":{"line":139,"column":22},"end":{"line":139,"column":23}},"loc":{"start":{"line":139,"column":34},"end":{"line":149,"column":3}},"line":139},"12":{"name":"(anonymous_12)","decl":{"start":{"line":143,"column":20},"end":{"line":143,"column":21}},"loc":{"start":{"line":143,"column":37},"end":{"line":145,"column":7}},"line":143},"13":{"name":"(anonymous_13)","decl":{"start":{"line":150,"column":27},"end":{"line":150,"column":28}},"loc":{"start":{"line":150,"column":39},"end":{"line":159,"column":3}},"line":150},"14":{"name":"(anonymous_14)","decl":{"start":{"line":153,"column":18},"end":{"line":153,"column":19}},"loc":{"start":{"line":153,"column":35},"end":{"line":155,"column":5}},"line":153},"15":{"name":"(anonymous_15)","decl":{"start":{"line":157,"column":30},"end":{"line":157,"column":31}},"loc":{"start":{"line":157,"column":38},"end":{"line":157,"column":62}},"line":157}},"branchMap":{"0":{"loc":{"start":{"line":4,"column":2},"end":{"line":4,"column":13}},"type":"default-arg","locations":[{"start":{"line":4,"column":9},"end":{"line":4,"column":13}}],"line":4},"1":{"loc":{"start":{"line":5,"column":2},"end":{"line":5,"column":15}},"type":"default-arg","locations":[{"start":{"line":5,"column":10},"end":{"line":5,"column":15}}],"line":5},"2":{"loc":{"start":{"line":6,"column":2},"end":{"line":6,"column":8}},"type":"default-arg","locations":[{"start":{"line":6,"column":7},"end":{"line":6,"column":8}}],"line":6},"3":{"loc":{"start":{"line":46,"column":6},"end":{"line":72,"column":7}},"type":"if","locations":[{"start":{"line":46,"column":6},"end":{"line":72,"column":7}},{"start":{"line":46,"column":6},"end":{"line":72,"column":7}}],"line":46},"4":{"loc":{"start":{"line":46,"column":10},"end":{"line":46,"column":55}},"type":"binary-expr","locations":[{"start":{"line":46,"column":10},"end":{"line":46,"column":29}},{"start":{"line":46,"column":33},"end":{"line":46,"column":55}}],"line":46},"5":{"loc":{"start":{"line":49,"column":13},"end":{"line":72,"column":7}},"type":"if","locations":[{"start":{"line":49,"column":13},"end":{"line":72,"column":7}},{"start":{"line":49,"column":13},"end":{"line":72,"column":7}}],"line":49},"6":{"loc":{"start":{"line":49,"column":17},"end":{"line":49,"column":62}},"type":"binary-expr","locations":[{"start":{"line":49,"column":17},"end":{"line":49,"column":36}},{"start":{"line":49,"column":40},"end":{"line":49,"column":62}}],"line":49},"7":{"loc":{"start":{"line":55,"column":8},"end":{"line":71,"column":9}},"type":"if","locations":[{"start":{"line":55,"column":8},"end":{"line":71,"column":9}},{"start":{"line":55,"column":8},"end":{"line":71,"column":9}}],"line":55},"8":{"loc":{"start":{"line":56,"column":10},"end":{"line":57,"column":58}},"type":"binary-expr","locations":[{"start":{"line":56,"column":10},"end":{"line":56,"column":26}},{"start":{"line":57,"column":10},"end":{"line":57,"column":58}}],"line":56},"9":{"loc":{"start":{"line":63,"column":10},"end":{"line":66,"column":11}},"type":"if","locations":[{"start":{"line":63,"column":10},"end":{"line":66,"column":11}},{"start":{"line":63,"column":10},"end":{"line":66,"column":11}}],"line":63},"10":{"loc":{"start":{"line":63,"column":14},"end":{"line":63,"column":55}},"type":"binary-expr","locations":[{"start":{"line":63,"column":14},"end":{"line":63,"column":30}},{"start":{"line":63,"column":34},"end":{"line":63,"column":55}}],"line":63},"11":{"loc":{"start":{"line":67,"column":10},"end":{"line":70,"column":11}},"type":"if","locations":[{"start":{"line":67,"column":10},"end":{"line":70,"column":11}},{"start":{"line":67,"column":10},"end":{"line":70,"column":11}}],"line":67},"12":{"loc":{"start":{"line":84,"column":6},"end":{"line":86,"column":7}},"type":"if","locations":[{"start":{"line":84,"column":6},"end":{"line":86,"column":7}},{"start":{"line":84,"column":6},"end":{"line":86,"column":7}}],"line":84},"13":{"loc":{"start":{"line":84,"column":10},"end":{"line":84,"column":53}},"type":"binary-expr","locations":[{"start":{"line":84,"column":10},"end":{"line":84,"column":14}},{"start":{"line":84,"column":18},"end":{"line":84,"column":53}}],"line":84},"14":{"loc":{"start":{"line":92,"column":4},"end":{"line":99,"column":7}},"type":"if","locations":[{"start":{"line":92,"column":4},"end":{"line":99,"column":7}},{"start":{"line":92,"column":4},"end":{"line":99,"column":7}}],"line":92},"15":{"loc":{"start":{"line":92,"column":7},"end":{"line":92,"column":62}},"type":"binary-expr","locations":[{"start":{"line":92,"column":7},"end":{"line":92,"column":20}},{"start":{"line":92,"column":24},"end":{"line":92,"column":34}},{"start":{"line":92,"column":38},"end":{"line":92,"column":62}}],"line":92},"16":{"loc":{"start":{"line":105,"column":4},"end":{"line":115,"column":7}},"type":"if","locations":[{"start":{"line":105,"column":4},"end":{"line":115,"column":7}},{"start":{"line":105,"column":4},"end":{"line":115,"column":7}}],"line":105},"17":{"loc":{"start":{"line":105,"column":7},"end":{"line":105,"column":32}},"type":"binary-expr","locations":[{"start":{"line":105,"column":7},"end":{"line":105,"column":19}},{"start":{"line":105,"column":22},"end":{"line":105,"column":32}}],"line":105},"18":{"loc":{"start":{"line":110,"column":10},"end":{"line":112,"column":11}},"type":"if","locations":[{"start":{"line":110,"column":10},"end":{"line":112,"column":11}},{"start":{"line":110,"column":10},"end":{"line":112,"column":11}}],"line":110},"19":{"loc":{"start":{"line":121,"column":4},"end":{"line":123,"column":5}},"type":"if","locations":[{"start":{"line":121,"column":4},"end":{"line":123,"column":5}},{"start":{"line":121,"column":4},"end":{"line":123,"column":5}}],"line":121},"20":{"loc":{"start":{"line":127,"column":4},"end":{"line":136,"column":5}},"type":"if","locations":[{"start":{"line":127,"column":4},"end":{"line":136,"column":5}},{"start":{"line":127,"column":4},"end":{"line":136,"column":5}}],"line":127},"21":{"loc":{"start":{"line":127,"column":7},"end":{"line":127,"column":62}},"type":"binary-expr","locations":[{"start":{"line":127,"column":7},"end":{"line":127,"column":20}},{"start":{"line":127,"column":24},"end":{"line":127,"column":34}},{"start":{"line":127,"column":38},"end":{"line":127,"column":62}}],"line":127},"22":{"loc":{"start":{"line":142,"column":4},"end":{"line":146,"column":5}},"type":"if","locations":[{"start":{"line":142,"column":4},"end":{"line":146,"column":5}},{"start":{"line":142,"column":4},"end":{"line":146,"column":5}}],"line":142}},"s":{"0":1,"1":10,"2":10,"3":10,"4":10,"5":10,"6":10,"7":10,"8":10,"9":10,"10":10,"11":10,"12":10,"13":10,"14":0,"15":0,"16":0,"17":10,"18":1,"19":1,"20":1,"21":1,"22":10,"23":6,"24":6,"25":6,"26":6,"27":6,"28":8,"29":1,"30":1,"31":7,"32":1,"33":6,"34":6,"35":6,"36":0,"37":0,"38":6,"39":0,"40":6,"41":6,"42":6,"43":6,"44":6,"45":6,"46":10,"47":1,"48":1,"49":3,"50":3,"51":1,"52":1,"53":10,"54":6,"55":3,"56":3,"57":3,"58":3,"59":10,"60":3,"61":1,"62":1,"63":1,"64":3,"65":2,"66":1,"67":10,"68":2,"69":1,"70":10,"71":4,"72":1,"73":1,"74":1,"75":1,"76":1,"77":1,"78":3,"79":10,"80":2,"81":2,"82":1,"83":3,"84":2,"85":10,"86":2,"87":2,"88":2,"89":3,"90":2,"91":2,"92":3,"93":2},"f":{"0":10,"1":0,"2":1,"3":6,"4":1,"5":3,"6":6,"7":3,"8":3,"9":2,"10":4,"11":2,"12":3,"13":2,"14":3,"15":3},"b":{"0":[0],"1":[10],"2":[10],"3":[1,7],"4":[8,2],"5":[1,6],"6":[7,1],"7":[0,6],"8":[6,6],"9":[0,6],"10":[6,6],"11":[6,0],"12":[3,0],"13":[3,3],"14":[3,3],"15":[6,5,4],"16":[1,2],"17":[3,2],"18":[2,1],"19":[1,1],"20":[1,3],"21":[4,3,2],"22":[1,1]},"_coverageSchema":"1a1c01bbd47fc00a2c39e90264f33305004495a9","hash":"4495df635ef0f1f3fb434eb935d7bd6f2ebf53d9"}
,"/home/kc/Documents/Workspace/card-be/tests/filterByTerm.js": {"path":"/home/kc/Documents/Workspace/card-be/tests/filterByTerm.js","statementMap":{"0":{"start":{"line":2,"column":2},"end":{"line":2,"column":61}},"1":{"start":{"line":2,"column":19},"end":{"line":2,"column":61}},"2":{"start":{"line":3,"column":2},"end":{"line":3,"column":64}},"3":{"start":{"line":3,"column":24},"end":{"line":3,"column":64}},"4":{"start":{"line":4,"column":16},"end":{"line":4,"column":43}},"5":{"start":{"line":5,"column":2},"end":{"line":7,"column":5}},"6":{"start":{"line":6,"column":4},"end":{"line":6,"column":41}},"7":{"start":{"line":10,"column":0},"end":{"line":10,"column":30}}},"fnMap":{"0":{"name":"filterByTerm","decl":{"start":{"line":1,"column":9},"end":{"line":1,"column":21}},"loc":{"start":{"line":1,"column":44},"end":{"line":8,"column":1}},"line":1},"1":{"name":"(anonymous_1)","decl":{"start":{"line":5,"column":25},"end":{"line":5,"column":26}},"loc":{"start":{"line":5,"column":48},"end":{"line":7,"column":3}},"line":5}},"branchMap":{"0":{"loc":{"start":{"line":2,"column":2},"end":{"line":2,"column":61}},"type":"if","locations":[{"start":{"line":2,"column":2},"end":{"line":2,"column":61}},{"start":{"line":2,"column":2},"end":{"line":2,"column":61}}],"line":2},"1":{"loc":{"start":{"line":3,"column":2},"end":{"line":3,"column":64}},"type":"if","locations":[{"start":{"line":3,"column":2},"end":{"line":3,"column":64}},{"start":{"line":3,"column":2},"end":{"line":3,"column":64}}],"line":3}},"s":{"0":4,"1":1,"2":3,"3":0,"4":3,"5":3,"6":9,"7":1},"f":{"0":4,"1":9},"b":{"0":[1,3],"1":[0,3]},"_coverageSchema":"1a1c01bbd47fc00a2c39e90264f33305004495a9","hash":"ffd5f6268f349b1a92a70c685b48d02a9173fd08"}
}
