TN:
SF:objects/CardData.js
FN:3,CardData
FN:5,(anonymous_1)
FN:7,(anonymous_2)
FNF:3
FNH:3
FNDA:1,CardData
FNDA:5,(anonymous_1)
FNDA:30,(anonymous_2)
DA:1,1
DA:3,1
DA:4,1
DA:5,1
DA:6,5
DA:7,5
DA:8,30
DA:9,76
DA:14,1
DA:16,1
LF:10
LH:10
BRF:0
BRH:0
end_of_record
TN:
SF:objects/Player.js
FN:1,Player
FN:25,(anonymous_1)
FN:30,(anonymous_2)
FN:37,(anonymous_3)
FN:80,(anonymous_4)
FN:83,(anonymous_5)
FN:91,(anonymous_6)
FN:102,(anonymous_7)
FN:109,(anonymous_8)
FN:118,(anonymous_9)
FN:126,(anonymous_10)
FN:139,(anonymous_11)
FN:143,(anonymous_12)
FN:150,(anonymous_13)
FN:153,(anonymous_14)
FN:157,(anonymous_15)
FNF:16
FNH:15
FNDA:10,Player
FNDA:0,(anonymous_1)
FNDA:1,(anonymous_2)
FNDA:6,(anonymous_3)
FNDA:1,(anonymous_4)
FNDA:3,(anonymous_5)
FNDA:6,(anonymous_6)
FNDA:3,(anonymous_7)
FNDA:3,(anonymous_8)
FNDA:2,(anonymous_9)
FNDA:4,(anonymous_10)
FNDA:2,(anonymous_11)
FNDA:3,(anonymous_12)
FNDA:2,(anonymous_13)
FNDA:3,(anonymous_14)
FNDA:3,(anonymous_15)
DA:1,1
DA:8,10
DA:9,10
DA:10,10
DA:11,10
DA:12,10
DA:13,10
DA:14,10
DA:15,10
DA:16,10
DA:17,10
DA:18,10
DA:19,10
DA:25,10
DA:26,0
DA:27,0
DA:28,0
DA:30,10
DA:31,1
DA:32,1
DA:33,1
DA:34,1
DA:37,10
DA:40,6
DA:41,6
DA:42,6
DA:44,6
DA:45,6
DA:46,8
DA:47,1
DA:48,1
DA:49,7
DA:50,1
DA:53,6
DA:54,6
DA:55,6
DA:59,0
DA:61,0
DA:63,6
DA:64,0
DA:67,6
DA:68,6
DA:69,6
DA:74,6
DA:75,6
DA:76,6
DA:80,10
DA:82,1
DA:83,1
DA:84,3
DA:85,3
DA:88,1
DA:89,1
DA:91,10
DA:92,6
DA:93,3
DA:95,3
DA:96,3
DA:97,3
DA:102,10
DA:105,3
DA:106,1
DA:108,1
DA:109,1
DA:110,3
DA:111,2
DA:114,1
DA:118,10
DA:121,2
DA:122,1
DA:126,10
DA:127,4
DA:128,1
DA:129,1
DA:130,1
DA:131,1
DA:132,1
DA:133,1
DA:135,3
DA:139,10
DA:141,2
DA:142,2
DA:143,1
DA:144,3
DA:148,2
DA:150,10
DA:151,2
DA:152,2
DA:153,2
DA:154,3
DA:156,2
DA:157,3
DA:158,2
LF:93
LH:87
BRDA:4,0,0,0
BRDA:5,1,0,10
BRDA:6,2,0,10
BRDA:46,3,0,1
BRDA:46,3,1,7
BRDA:46,4,0,8
BRDA:46,4,1,2
BRDA:49,5,0,1
BRDA:49,5,1,6
BRDA:49,6,0,7
BRDA:49,6,1,1
BRDA:55,7,0,0
BRDA:55,7,1,6
BRDA:56,8,0,6
BRDA:56,8,1,6
BRDA:63,9,0,0
BRDA:63,9,1,6
BRDA:63,10,0,6
BRDA:63,10,1,6
BRDA:67,11,0,6
BRDA:67,11,1,0
BRDA:84,12,0,3
BRDA:84,12,1,0
BRDA:84,13,0,3
BRDA:84,13,1,3
BRDA:92,14,0,3
BRDA:92,14,1,3
BRDA:92,15,0,6
BRDA:92,15,1,5
BRDA:92,15,2,4
BRDA:105,16,0,1
BRDA:105,16,1,2
BRDA:105,17,0,3
BRDA:105,17,1,2
BRDA:110,18,0,2
BRDA:110,18,1,1
BRDA:121,19,0,1
BRDA:121,19,1,1
BRDA:127,20,0,1
BRDA:127,20,1,3
BRDA:127,21,0,4
BRDA:127,21,1,3
BRDA:127,21,2,2
BRDA:142,22,0,1
BRDA:142,22,1,1
BRF:45
BRH:40
end_of_record
TN:
SF:tests/filterByTerm.js
FN:1,filterByTerm
FN:5,(anonymous_1)
FNF:2
FNH:2
FNDA:4,filterByTerm
FNDA:9,(anonymous_1)
DA:2,4
DA:3,3
DA:4,3
DA:5,3
DA:6,9
DA:10,1
LF:6
LH:6
BRDA:2,0,0,1
BRDA:2,0,1,3
BRDA:3,1,0,0
BRDA:3,1,1,3
BRF:4
BRH:3
end_of_record
