TN:
SF:objects/CardData.js
FN:3,(anonymous_0)
FN:22,(anonymous_1)
FN:27,(anonymous_2)
FN:29,(anonymous_3)
FN:45,(anonymous_4)
FN:50,(anonymous_5)
FN:52,(anonymous_6)
FN:69,(anonymous_7)
FN:70,(anonymous_8)
FNF:9
FNH:4
FNDA:0,(anonymous_0)
FNDA:0,(anonymous_1)
FNDA:0,(anonymous_2)
FNDA:0,(anonymous_3)
FNDA:2,(anonymous_4)
FNDA:12,(anonymous_5)
FNDA:62,(anonymous_6)
FNDA:0,(anonymous_7)
FNDA:2,(anonymous_8)
DA:1,2
DA:2,2
DA:3,2
DA:4,0
DA:5,0
DA:11,0
DA:14,0
DA:16,0
DA:18,0
DA:22,2
DA:23,0
DA:24,0
DA:25,0
DA:27,0
DA:28,0
DA:29,0
DA:30,0
DA:31,0
DA:37,0
DA:43,0
DA:45,2
DA:46,2
DA:47,2
DA:48,2
DA:50,2
DA:51,12
DA:52,12
DA:53,62
DA:54,178
DA:60,2
DA:66,2
DA:69,2
DA:70,2
LF:33
LH:17
BRF:0
BRH:0
end_of_record
TN:
SF:objects/Location.js
FN:1,Location
FN:39,(anonymous_1)
FN:43,(anonymous_2)
FN:78,(anonymous_3)
FN:96,(anonymous_4)
FN:133,(anonymous_5)
FN:212,(anonymous_6)
FN:219,(anonymous_7)
FN:245,(anonymous_8)
FN:319,(anonymous_9)
FN:351,(anonymous_10)
FN:369,(anonymous_11)
FN:392,(anonymous_12)
FN:411,(anonymous_13)
FN:422,(anonymous_14)
FN:427,(anonymous_15)
FN:511,(anonymous_16)
FN:541,(anonymous_17)
FN:569,(anonymous_18)
FNF:19
FNH:9
FNDA:7,Location
FNDA:3,(anonymous_1)
FNDA:3,(anonymous_2)
FNDA:0,(anonymous_3)
FNDA:55,(anonymous_4)
FNDA:0,(anonymous_5)
FNDA:0,(anonymous_6)
FNDA:1,(anonymous_7)
FNDA:24,(anonymous_8)
FNDA:11,(anonymous_9)
FNDA:4,(anonymous_10)
FNDA:23,(anonymous_11)
FNDA:0,(anonymous_12)
FNDA:0,(anonymous_13)
FNDA:0,(anonymous_14)
FNDA:0,(anonymous_15)
FNDA:0,(anonymous_16)
FNDA:0,(anonymous_17)
FNDA:0,(anonymous_18)
DA:1,1
DA:8,7
DA:9,7
DA:10,7
DA:11,7
DA:12,7
DA:13,7
DA:14,7
DA:15,7
DA:17,7
DA:18,7
DA:19,7
DA:21,7
DA:22,7
DA:23,7
DA:25,7
DA:26,7
DA:27,7
DA:28,7
DA:29,7
DA:30,7
DA:31,7
DA:32,7
DA:33,7
DA:35,7
DA:36,7
DA:37,7
DA:39,7
DA:40,3
DA:43,3
DA:44,3
DA:46,3
DA:48,1
DA:49,1
DA:50,1
DA:51,1
DA:52,1
DA:53,1
DA:54,1
DA:55,1
DA:56,1
DA:57,1
DA:59,1
DA:61,2
DA:62,1
DA:63,1
DA:64,1
DA:65,1
DA:66,1
DA:67,1
DA:68,1
DA:75,3
DA:78,7
DA:79,0
DA:80,0
DA:82,0
DA:83,0
DA:84,0
DA:85,0
DA:87,0
DA:92,0
DA:93,0
DA:96,7
DA:97,55
DA:98,55
DA:100,55
DA:101,49
DA:102,49
DA:103,49
DA:104,49
DA:109,55
DA:110,55
DA:113,7
DA:119,7
DA:120,7
DA:121,6
DA:122,6
DA:125,7
DA:133,7
DA:134,0
DA:135,0
DA:136,0
DA:137,0
DA:140,0
DA:141,0
DA:142,0
DA:143,0
DA:144,0
DA:145,0
DA:148,0
DA:149,0
DA:150,0
DA:151,0
DA:153,0
DA:156,0
DA:158,0
DA:160,0
DA:161,0
DA:162,0
DA:163,0
DA:165,0
DA:167,0
DA:169,0
DA:170,0
DA:171,0
DA:172,0
DA:174,0
DA:176,0
DA:178,0
DA:179,0
DA:180,0
DA:181,0
DA:183,0
DA:186,0
DA:187,0
DA:188,0
DA:189,0
DA:190,0
DA:191,0
DA:192,0
DA:193,0
DA:194,0
DA:195,0
DA:196,0
DA:197,0
DA:199,0
DA:206,0
DA:210,0
DA:212,7
DA:213,0
DA:214,0
DA:215,0
DA:219,7
DA:220,1
DA:224,1
DA:225,1
DA:226,1
DA:227,1
DA:228,1
DA:229,1
DA:231,1
DA:232,1
DA:233,1
DA:234,1
DA:235,1
DA:236,1
DA:237,1
DA:238,1
DA:241,0
DA:245,7
DA:246,24
DA:247,23
DA:248,23
DA:250,23
DA:251,4
DA:269,23
DA:270,23
DA:271,23
DA:272,23
DA:274,23
DA:275,23
DA:276,23
DA:277,23
DA:278,23
DA:279,23
DA:281,23
DA:282,1
DA:283,1
DA:285,23
DA:286,23
DA:287,1
DA:291,23
DA:296,23
DA:300,1
DA:301,0
DA:303,1
DA:306,23
DA:307,1
DA:308,1
DA:310,23
DA:311,1
DA:313,23
DA:314,1
DA:316,23
DA:317,1
DA:318,1
DA:319,1
DA:320,11
DA:321,1
DA:322,1
DA:325,1
DA:330,1
DA:331,1
DA:334,23
DA:335,1
DA:336,1
DA:338,2
DA:339,2
DA:340,2
DA:341,2
DA:349,23
DA:350,1
DA:351,4
DA:352,1
DA:354,23
DA:355,1
DA:357,23
DA:358,0
DA:361,23
DA:362,1
DA:363,1
DA:365,23
DA:366,2
DA:369,23
DA:370,23
DA:371,23
DA:372,23
DA:376,23
DA:377,23
DA:378,23
DA:380,23
DA:381,23
DA:382,21
DA:384,2
DA:385,2
DA:388,23
DA:392,7
DA:394,0
DA:408,0
DA:410,0
DA:411,0
DA:412,0
DA:413,0
DA:422,0
DA:423,0
DA:424,0
DA:426,0
DA:427,0
DA:428,0
DA:429,0
DA:430,0
DA:435,0
DA:439,0
DA:440,0
DA:441,0
DA:444,0
DA:445,0
DA:449,0
DA:456,0
DA:462,0
DA:468,0
DA:471,0
DA:477,0
DA:490,0
DA:495,0
DA:509,0
DA:511,7
DA:512,0
DA:513,0
DA:520,0
DA:521,0
DA:523,0
DA:527,0
DA:535,0
DA:540,0
DA:541,0
DA:542,0
DA:543,0
DA:547,0
DA:548,0
DA:550,0
DA:551,0
DA:558,0
DA:562,0
DA:566,0
DA:569,7
DA:570,0
DA:571,0
DA:572,0
DA:573,0
DA:574,0
DA:575,0
DA:576,0
DA:577,0
DA:578,0
DA:580,0
DA:581,0
LF:287
LH:165
BRDA:4,0,0,0
BRDA:44,1,0,3
BRDA:44,1,1,0
BRDA:46,2,0,1
BRDA:46,2,1,2
BRDA:49,3,0,1
BRDA:49,3,1,0
BRDA:49,4,0,1
BRDA:49,4,1,1
BRDA:61,5,0,1
BRDA:61,5,1,1
BRDA:82,6,0,0
BRDA:82,6,1,0
BRDA:100,7,0,49
BRDA:100,7,1,6
BRDA:113,8,0,7
BRDA:113,8,1,0
BRDA:120,9,0,6
BRDA:120,9,1,1
BRDA:137,10,0,0
BRDA:137,10,1,0
BRDA:137,10,2,0
BRDA:137,10,3,0
BRDA:140,11,0,0
BRDA:140,11,1,0
BRDA:143,12,0,0
BRDA:143,12,1,0
BRDA:156,13,0,0
BRDA:156,13,1,0
BRDA:165,14,0,0
BRDA:165,14,1,0
BRDA:174,15,0,0
BRDA:174,15,1,0
BRDA:186,16,0,0
BRDA:186,16,1,0
BRDA:192,17,0,0
BRDA:192,17,1,0
BRDA:220,18,0,1
BRDA:220,18,1,0
BRDA:221,19,0,1
BRDA:221,19,1,1
BRDA:246,20,0,23
BRDA:246,20,1,1
BRDA:250,21,0,4
BRDA:250,21,1,19
BRDA:274,22,0,23
BRDA:274,22,1,8
BRDA:275,23,0,23
BRDA:275,23,1,1
BRDA:276,24,0,23
BRDA:276,24,1,22
BRDA:277,25,0,23
BRDA:277,25,1,21
BRDA:278,26,0,23
BRDA:278,26,1,22
BRDA:281,27,0,1
BRDA:281,27,1,22
BRDA:286,28,0,1
BRDA:286,28,1,22
BRDA:291,29,0,0
BRDA:291,29,1,23
BRDA:291,30,0,23
BRDA:291,30,1,1
BRDA:296,31,0,1
BRDA:296,31,1,22
BRDA:300,32,0,0
BRDA:300,32,1,1
BRDA:306,33,0,1
BRDA:306,33,1,22
BRDA:310,34,0,1
BRDA:310,34,1,22
BRDA:313,35,0,1
BRDA:313,35,1,22
BRDA:316,36,0,1
BRDA:316,36,1,22
BRDA:320,37,0,1
BRDA:320,37,1,10
BRDA:320,38,0,11
BRDA:320,38,1,10
BRDA:334,39,0,1
BRDA:334,39,1,22
BRDA:338,40,0,2
BRDA:338,40,1,0
BRDA:338,41,0,2
BRDA:338,41,1,0
BRDA:349,42,0,1
BRDA:349,42,1,22
BRDA:354,43,0,1
BRDA:354,43,1,22
BRDA:357,44,0,0
BRDA:357,44,1,23
BRDA:361,45,0,1
BRDA:361,45,1,22
BRDA:365,46,0,2
BRDA:365,46,1,21
BRDA:370,47,0,23
BRDA:370,47,1,0
BRDA:381,48,0,21
BRDA:381,48,1,2
BRDA:410,49,0,0
BRDA:410,49,1,0
BRDA:412,50,0,0
BRDA:412,50,1,0
BRDA:412,51,0,0
BRDA:412,51,1,0
BRDA:423,52,0,0
BRDA:423,52,1,0
BRDA:423,53,0,0
BRDA:423,53,1,0
BRDA:426,54,0,0
BRDA:426,54,1,0
BRDA:428,55,0,0
BRDA:428,55,1,0
BRDA:428,56,0,0
BRDA:428,56,1,0
BRDA:435,57,0,0
BRDA:435,57,1,0
BRDA:436,58,0,0
BRDA:436,58,1,0
BRDA:444,59,0,0
BRDA:444,59,1,0
BRDA:449,60,0,0
BRDA:449,60,1,0
BRDA:456,61,0,0
BRDA:456,61,1,0
BRDA:471,62,0,0
BRDA:471,62,1,0
BRDA:513,63,0,0
BRDA:513,63,1,0
BRDA:515,64,0,0
BRDA:515,64,1,0
BRDA:515,64,2,0
BRDA:515,64,3,0
BRDA:527,65,0,0
BRDA:527,65,1,0
BRDA:528,66,0,0
BRDA:528,66,1,0
BRDA:528,66,2,0
BRDA:528,66,3,0
BRDA:540,67,0,0
BRDA:540,67,1,0
BRDA:542,68,0,0
BRDA:542,68,1,0
BRDA:542,69,0,0
BRDA:542,69,1,0
BRDA:542,69,2,0
BRDA:543,70,0,0
BRDA:543,70,1,0
BRDA:544,71,0,0
BRDA:544,71,1,0
BRDA:558,72,0,0
BRDA:558,72,1,0
BRDA:559,73,0,0
BRDA:559,73,1,0
BRDA:580,74,0,0
BRDA:580,74,1,0
BRF:156
BRH:68
end_of_record
TN:
SF:objects/Player.js
FN:1,Player
FN:29,(anonymous_1)
FN:34,(anonymous_2)
FN:41,(anonymous_3)
FN:84,(anonymous_4)
FN:87,(anonymous_5)
FN:95,(anonymous_6)
FN:106,(anonymous_7)
FN:113,(anonymous_8)
FN:122,(anonymous_9)
FN:130,(anonymous_10)
FN:143,(anonymous_11)
FN:147,(anonymous_12)
FN:154,(anonymous_13)
FN:157,(anonymous_14)
FN:167,(anonymous_15)
FNF:16
FNH:15
FNDA:15,Player
FNDA:0,(anonymous_1)
FNDA:1,(anonymous_2)
FNDA:8,(anonymous_3)
FNDA:1,(anonymous_4)
FNDA:3,(anonymous_5)
FNDA:6,(anonymous_6)
FNDA:24,(anonymous_7)
FNDA:220,(anonymous_8)
FNDA:3,(anonymous_9)
FNDA:6,(anonymous_10)
FNDA:2,(anonymous_11)
FNDA:3,(anonymous_12)
FNDA:2,(anonymous_13)
FNDA:3,(anonymous_14)
FNDA:3,(anonymous_15)
DA:1,2
DA:8,15
DA:9,15
DA:10,15
DA:11,15
DA:12,15
DA:13,15
DA:14,15
DA:15,15
DA:16,15
DA:17,15
DA:18,15
DA:19,15
DA:20,15
DA:21,15
DA:22,15
DA:23,15
DA:24,15
DA:29,15
DA:30,0
DA:31,0
DA:32,0
DA:34,15
DA:35,1
DA:36,1
DA:37,1
DA:38,1
DA:41,15
DA:44,8
DA:45,8
DA:46,8
DA:48,8
DA:49,8
DA:50,10
DA:51,1
DA:52,1
DA:53,9
DA:54,1
DA:57,8
DA:58,8
DA:59,8
DA:63,0
DA:65,0
DA:67,8
DA:68,0
DA:71,8
DA:72,8
DA:73,8
DA:78,8
DA:79,8
DA:80,8
DA:84,15
DA:86,1
DA:87,1
DA:88,3
DA:89,3
DA:92,1
DA:93,1
DA:95,15
DA:96,6
DA:97,3
DA:99,3
DA:100,3
DA:101,3
DA:106,15
DA:109,24
DA:110,22
DA:112,22
DA:113,22
DA:114,220
DA:115,198
DA:118,22
DA:122,15
DA:125,3
DA:126,2
DA:130,15
DA:131,6
DA:132,3
DA:133,3
DA:134,3
DA:135,3
DA:136,3
DA:137,3
DA:139,3
DA:143,15
DA:145,2
DA:146,2
DA:147,1
DA:148,3
DA:152,2
DA:154,15
DA:155,2
DA:156,2
DA:157,2
DA:158,3
DA:160,2
DA:167,3
DA:168,2
LF:98
LH:92
BRDA:4,0,0,0
BRDA:5,1,0,15
BRDA:6,2,0,15
BRDA:50,3,0,1
BRDA:50,3,1,9
BRDA:50,4,0,10
BRDA:50,4,1,2
BRDA:53,5,0,1
BRDA:53,5,1,8
BRDA:53,6,0,9
BRDA:53,6,1,1
BRDA:59,7,0,0
BRDA:59,7,1,8
BRDA:60,8,0,8
BRDA:60,8,1,8
BRDA:67,9,0,0
BRDA:67,9,1,8
BRDA:67,10,0,8
BRDA:67,10,1,8
BRDA:71,11,0,8
BRDA:71,11,1,0
BRDA:88,12,0,3
BRDA:88,12,1,0
BRDA:88,13,0,3
BRDA:88,13,1,3
BRDA:96,14,0,3
BRDA:96,14,1,3
BRDA:96,15,0,6
BRDA:96,15,1,5
BRDA:96,15,2,4
BRDA:109,16,0,22
BRDA:109,16,1,2
BRDA:109,17,0,24
BRDA:109,17,1,23
BRDA:114,18,0,198
BRDA:114,18,1,22
BRDA:125,19,0,2
BRDA:125,19,1,1
BRDA:131,20,0,3
BRDA:131,20,1,3
BRDA:131,21,0,6
BRDA:131,21,1,5
BRDA:131,21,2,4
BRDA:146,22,0,1
BRDA:146,22,1,1
BRF:45
BRH:40
end_of_record
TN:
SF:tests/filterByTerm.js
FN:1,filterByTerm
FN:5,(anonymous_1)
FNF:2
FNH:2
FNDA:4,filterByTerm
FNDA:9,(anonymous_1)
DA:2,4
DA:3,3
DA:4,3
DA:5,3
DA:6,9
DA:10,1
LF:6
LH:6
BRDA:2,0,0,1
BRDA:2,0,1,3
BRDA:3,1,0,0
BRDA:3,1,1,3
BRF:4
BRH:3
end_of_record
